{"C:\\Projects\\promptwars\\Carbon Footprint Awareness Platform\\Verdant-AI\\src\\components\\charts\\CategoryPieChart.tsx": {"path":"C:\\Projects\\promptwars\\Carbon Footprint Awareness Platform\\Verdant-AI\\src\\components\\charts\\CategoryPieChart.tsx","statementMap":{"0":{"start":{"line":14,"column":2},"end":{"line":14,"column":null}},"1":{"start":{"line":14,"column":35},"end":{"line":14,"column":null}},"2":{"start":{"line":15,"column":2},"end":{"line":21,"column":null}},"3":{"start":{"line":26,"column":20},"end":{"line":32,"column":null}},"4":{"start":{"line":27,"column":23},"end":{"line":27,"column":28}},"5":{"start":{"line":28,"column":28},"end":{"line":32,"column":6}},"6":{"start":{"line":34,"column":2},"end":{"line":40,"column":null}},"7":{"start":{"line":35,"column":4},"end":{"line":38,"column":null}},"8":{"start":{"line":42,"column":2},"end":{"line":67,"column":null}},"9":{"start":{"line":55,"column":12},"end":{"line":55,"column":null}},"10":{"start":{"line":63,"column":12},"end":{"line":63,"column":null}}},"fnMap":{"0":{"name":"CustomTooltip","decl":{"start":{"line":13,"column":9},"end":{"line":13,"column":23}},"loc":{"start":{"line":13,"column":64},"end":{"line":23,"column":null}},"line":13},"1":{"name":"CategoryPieChart","decl":{"start":{"line":25,"column":16},"end":{"line":25,"column":33}},"loc":{"start":{"line":25,"column":66},"end":{"line":69,"column":null}},"line":25},"2":{"name":"(anonymous_2)","decl":{"start":{"line":27,"column":5},"end":{"line":27,"column":13}},"loc":{"start":{"line":27,"column":23},"end":{"line":27,"column":28}},"line":27},"3":{"name":"(anonymous_3)","decl":{"start":{"line":28,"column":5},"end":{"line":28,"column":10}},"loc":{"start":{"line":28,"column":28},"end":{"line":32,"column":6}},"line":28},"4":{"name":"(anonymous_4)","decl":{"start":{"line":54,"column":21},"end":{"line":54,"column":26}},"loc":{"start":{"line":55,"column":12},"end":{"line":55,"column":null}},"line":55},"5":{"name":"(anonymous_5)","decl":{"start":{"line":62,"column":10},"end":{"line":62,"column":22}},"loc":{"start":{"line":63,"column":12},"end":{"line":63,"column":null}},"line":63}},"branchMap":{"0":{"loc":{"start":{"line":14,"column":2},"end":{"line":14,"column":null}},"type":"if","locations":[{"start":{"line":14,"column":2},"end":{"line":14,"column":null}},{"start":{},"end":{}}],"line":14},"1":{"loc":{"start":{"line":14,"column":6},"end":{"line":14,"column":35}},"type":"binary-expr","locations":[{"start":{"line":14,"column":6},"end":{"line":14,"column":17}},{"start":{"line":14,"column":17},"end":{"line":14,"column":35}}],"line":14},"2":{"loc":{"start":{"line":29,"column":12},"end":{"line":29,"column":null}},"type":"binary-expr","locations":[{"start":{"line":29,"column":12},"end":{"line":29,"column":68}},{"start":{"line":29,"column":68},"end":{"line":29,"column":null}}],"line":29},"3":{"loc":{"start":{"line":31,"column":12},"end":{"line":31,"column":null}},"type":"binary-expr","locations":[{"start":{"line":31,"column":12},"end":{"line":31,"column":68}},{"start":{"line":31,"column":68},"end":{"line":31,"column":null}}],"line":31},"4":{"loc":{"start":{"line":34,"column":2},"end":{"line":40,"column":null}},"type":"if","locations":[{"start":{"line":34,"column":2},"end":{"line":40,"column":null}},{"start":{},"end":{}}],"line":34}},"s":{"0":0,"1":0,"2":0,"3":0,"4":0,"5":0,"6":0,"7":0,"8":0,"9":0,"10":0},"f":{"0":0,"1":0,"2":0,"3":0,"4":0,"5":0},"b":{"0":[0,0],"1":[0,0],"2":[0,0],"3":[0,0],"4":[0,0]},"meta":{"lastBranch":5,"lastFunction":6,"lastStatement":11,"seen":{"f:13:9:13:23":0,"b:14:2:14:Infinity:undefined:undefined:undefined:undefined":0,"s:14:2:14:Infinity":0,"b:14:6:14:17:14:17:14:35":1,"s:14:35:14:Infinity":1,"s:15:2:21:Infinity":2,"f:25:16:25:33":1,"s:26:20:32:Infinity":3,"f:27:5:27:13":2,"s:27:23:27:28":4,"f:28:5:28:10":3,"s:28:28:32:6":5,"b:29:12:29:68:29:68:29:Infinity":2,"b:31:12:31:68:31:68:31:Infinity":3,"b:34:2:40:Infinity:undefined:undefined:undefined:undefined":4,"s:34:2:40:Infinity":6,"s:35:4:38:Infinity":7,"s:42:2:67:Infinity":8,"f:54:21:54:26":4,"s:55:12:55:Infinity":9,"f:62:10:62:22":5,"s:63:12:63:Infinity":10},"fnNames":{}}}
,"C:\\Projects\\promptwars\\Carbon Footprint Awareness Platform\\Verdant-AI\\src\\components\\charts\\EmissionsAreaChart.tsx": {"path":"C:\\Projects\\promptwars\\Carbon Footprint Awareness Platform\\Verdant-AI\\src\\components\\charts\\EmissionsAreaChart.tsx","statementMap":{"0":{"start":{"line":13,"column":39},"end":{"line":13,"column":null}},"1":{"start":{"line":14,"column":16},"end":{"line":14,"column":null}},"2":{"start":{"line":15,"column":2},"end":{"line":20,"column":null}},"3":{"start":{"line":15,"column":15},"end":{"line":15,"column":19}},"4":{"start":{"line":16,"column":14},"end":{"line":16,"column":null}},"5":{"start":{"line":17,"column":4},"end":{"line":17,"column":null}},"6":{"start":{"line":18,"column":16},"end":{"line":18,"column":null}},"7":{"start":{"line":19,"column":4},"end":{"line":19,"column":null}},"8":{"start":{"line":21,"column":2},"end":{"line":25,"column":null}},"9":{"start":{"line":22,"column":4},"end":{"line":24,"column":null}},"10":{"start":{"line":23,"column":6},"end":{"line":23,"column":null}},"11":{"start":{"line":26,"column":2},"end":{"line":29,"column":null}},"12":{"start":{"line":26,"column":54},"end":{"line":29,"column":4}},"13":{"start":{"line":39,"column":2},"end":{"line":39,"column":null}},"14":{"start":{"line":39,"column":35},"end":{"line":39,"column":null}},"15":{"start":{"line":40,"column":2},"end":{"line":44,"column":null}},"16":{"start":{"line":49,"column":8},"end":{"line":49,"column":null}},"17":{"start":{"line":49,"column":36},"end":{"line":49,"column":42}},"18":{"start":{"line":50,"column":15},"end":{"line":50,"column":null}},"19":{"start":{"line":52,"column":2},"end":{"line":85,"column":null}}},"fnMap":{"0":{"name":"buildWeeklyData","decl":{"start":{"line":12,"column":9},"end":{"line":12,"column":25}},"loc":{"start":{"line":12,"column":79},"end":{"line":30,"column":null}},"line":12},"1":{"name":"(anonymous_1)","decl":{"start":{"line":21,"column":7},"end":{"line":21,"column":15}},"loc":{"start":{"line":21,"column":20},"end":{"line":25,"column":3}},"line":21},"2":{"name":"(anonymous_2)","decl":{"start":{"line":26,"column":30},"end":{"line":26,"column":35}},"loc":{"start":{"line":26,"column":54},"end":{"line":29,"column":4}},"line":26},"3":{"name":"CustomTooltip","decl":{"start":{"line":38,"column":9},"end":{"line":38,"column":23}},"loc":{"start":{"line":38,"column":71},"end":{"line":46,"column":null}},"line":38},"4":{"name":"EmissionsAreaChart","decl":{"start":{"line":48,"column":16},"end":{"line":48,"column":37}},"loc":{"start":{"line":48,"column":37},"end":{"line":87,"column":null}},"line":48},"5":{"name":"(anonymous_5)","decl":{"start":{"line":49,"column":15},"end":{"line":49,"column":31}},"loc":{"start":{"line":49,"column":36},"end":{"line":49,"column":42}},"line":49}},"branchMap":{"0":{"loc":{"start":{"line":22,"column":4},"end":{"line":24,"column":null}},"type":"if","locations":[{"start":{"line":22,"column":4},"end":{"line":24,"column":null}},{"start":{},"end":{}}],"line":22},"1":{"loc":{"start":{"line":39,"column":2},"end":{"line":39,"column":null}},"type":"if","locations":[{"start":{"line":39,"column":2},"end":{"line":39,"column":null}},{"start":{},"end":{}}],"line":39},"2":{"loc":{"start":{"line":39,"column":6},"end":{"line":39,"column":35}},"type":"binary-expr","locations":[{"start":{"line":39,"column":6},"end":{"line":39,"column":17}},{"start":{"line":39,"column":17},"end":{"line":39,"column":35}}],"line":39}},"s":{"0":0,"1":0,"2":0,"3":0,"4":0,"5":0,"6":0,"7":0,"8":0,"9":0,"10":0,"11":0,"12":0,"13":0,"14":0,"15":0,"16":0,"17":0,"18":0,"19":0},"f":{"0":0,"1":0,"2":0,"3":0,"4":0,"5":0},"b":{"0":[0,0],"1":[0,0],"2":[0,0]},"meta":{"lastBranch":3,"lastFunction":6,"lastStatement":20,"seen":{"f:12:9:12:25":0,"s:13:39:13:Infinity":0,"s:14:16:14:Infinity":1,"s:15:2:20:Infinity":2,"s:15:15:15:19":3,"s:16:14:16:Infinity":4,"s:17:4:17:Infinity":5,"s:18:16:18:Infinity":6,"s:19:4:19:Infinity":7,"s:21:2:25:Infinity":8,"f:21:7:21:15":1,"b:22:4:24:Infinity:undefined:undefined:undefined:undefined":0,"s:22:4:24:Infinity":9,"s:23:6:23:Infinity":10,"s:26:2:29:Infinity":11,"f:26:30:26:35":2,"s:26:54:29:4":12,"f:38:9:38:23":3,"b:39:2:39:Infinity:undefined:undefined:undefined:undefined":1,"s:39:2:39:Infinity":13,"b:39:6:39:17:39:17:39:35":2,"s:39:35:39:Infinity":14,"s:40:2:44:Infinity":15,"f:48:16:48:37":4,"s:49:8:49:Infinity":16,"f:49:15:49:31":5,"s:49:36:49:42":17,"s:50:15:50:Infinity":18,"s:52:2:85:Infinity":19},"fnNames":{}}}
,"C:\\Projects\\promptwars\\Carbon Footprint Awareness Platform\\Verdant-AI\\src\\components\\charts\\WeeklyBarChart.tsx": {"path":"C:\\Projects\\promptwars\\Carbon Footprint Awareness Platform\\Verdant-AI\\src\\components\\charts\\WeeklyBarChart.tsx","statementMap":{"0":{"start":{"line":16,"column":15},"end":{"line":16,"column":null}},"1":{"start":{"line":17,"column":16},"end":{"line":17,"column":null}},"2":{"start":{"line":18,"column":20},"end":{"line":18,"column":null}},"3":{"start":{"line":19,"column":2},"end":{"line":19,"column":null}},"4":{"start":{"line":21,"column":2},"end":{"line":32,"column":null}},"5":{"start":{"line":22,"column":14},"end":{"line":22,"column":null}},"6":{"start":{"line":23,"column":4},"end":{"line":23,"column":null}},"7":{"start":{"line":24,"column":20},"end":{"line":24,"column":null}},"8":{"start":{"line":25,"column":20},"end":{"line":25,"column":null}},"9":{"start":{"line":25,"column":37},"end":{"line":25,"column":55}},"10":{"start":{"line":26,"column":29},"end":{"line":26,"column":null}},"11":{"start":{"line":27,"column":4},"end":{"line":30,"column":null}},"12":{"start":{"line":28,"column":18},"end":{"line":28,"column":null}},"13":{"start":{"line":29,"column":6},"end":{"line":29,"column":null}},"14":{"start":{"line":29,"column":24},"end":{"line":29,"column":null}},"15":{"start":{"line":31,"column":4},"end":{"line":31,"column":null}},"16":{"start":{"line":42,"column":2},"end":{"line":42,"column":null}},"17":{"start":{"line":42,"column":35},"end":{"line":42,"column":null}},"18":{"start":{"line":43,"column":16},"end":{"line":43,"column":null}},"19":{"start":{"line":43,"column":41},"end":{"line":43,"column":54}},"20":{"start":{"line":44,"column":2},"end":{"line":57,"column":null}},"21":{"start":{"line":47,"column":27},"end":{"line":47,"column":38}},"22":{"start":{"line":48,"column":8},"end":{"line":51,"column":null}},"23":{"start":{"line":62,"column":8},"end":{"line":62,"column":null}},"24":{"start":{"line":62,"column":36},"end":{"line":62,"column":42}},"25":{"start":{"line":63,"column":15},"end":{"line":63,"column":null}},"26":{"start":{"line":65,"column":2},"end":{"line":85,"column":null}},"27":{"start":{"line":82,"column":10},"end":{"line":82,"column":null}}},"fnMap":{"0":{"name":"buildWeekData","decl":{"start":{"line":15,"column":9},"end":{"line":15,"column":23}},"loc":{"start":{"line":15,"column":95},"end":{"line":33,"column":null}},"line":15},"1":{"name":"(anonymous_1)","decl":{"start":{"line":21,"column":14},"end":{"line":21,"column":19}},"loc":{"start":{"line":21,"column":30},"end":{"line":32,"column":3}},"line":21},"2":{"name":"(anonymous_2)","decl":{"start":{"line":25,"column":25},"end":{"line":25,"column":32}},"loc":{"start":{"line":25,"column":37},"end":{"line":25,"column":55}},"line":25},"3":{"name":"(anonymous_3)","decl":{"start":{"line":27,"column":12},"end":{"line":27,"column":20}},"loc":{"start":{"line":27,"column":25},"end":{"line":30,"column":5}},"line":27},"4":{"name":"CustomTooltip","decl":{"start":{"line":41,"column":9},"end":{"line":41,"column":23}},"loc":{"start":{"line":41,"column":71},"end":{"line":59,"column":null}},"line":41},"5":{"name":"(anonymous_5)","decl":{"start":{"line":43,"column":24},"end":{"line":43,"column":32}},"loc":{"start":{"line":43,"column":41},"end":{"line":43,"column":54}},"line":43},"6":{"name":"(anonymous_6)","decl":{"start":{"line":47,"column":15},"end":{"line":47,"column":22}},"loc":{"start":{"line":47,"column":27},"end":{"line":47,"column":38}},"line":47},"7":{"name":"(anonymous_7)","decl":{"start":{"line":47,"column":40},"end":{"line":47,"column":45}},"loc":{"start":{"line":48,"column":8},"end":{"line":51,"column":null}},"line":48},"8":{"name":"WeeklyBarChart","decl":{"start":{"line":61,"column":16},"end":{"line":61,"column":33}},"loc":{"start":{"line":61,"column":33},"end":{"line":87,"column":null}},"line":61},"9":{"name":"(anonymous_9)","decl":{"start":{"line":62,"column":15},"end":{"line":62,"column":31}},"loc":{"start":{"line":62,"column":36},"end":{"line":62,"column":42}},"line":62},"10":{"name":"(anonymous_10)","decl":{"start":{"line":81,"column":41},"end":{"line":81,"column":46}},"loc":{"start":{"line":82,"column":10},"end":{"line":82,"column":null}},"line":82}},"branchMap":{"0":{"loc":{"start":{"line":29,"column":6},"end":{"line":29,"column":null}},"type":"if","locations":[{"start":{"line":29,"column":6},"end":{"line":29,"column":null}},{"start":{},"end":{}}],"line":29},"1":{"loc":{"start":{"line":42,"column":2},"end":{"line":42,"column":null}},"type":"if","locations":[{"start":{"line":42,"column":2},"end":{"line":42,"column":null}},{"start":{},"end":{}}],"line":42},"2":{"loc":{"start":{"line":42,"column":6},"end":{"line":42,"column":35}},"type":"binary-expr","locations":[{"start":{"line":42,"column":6},"end":{"line":42,"column":17}},{"start":{"line":42,"column":17},"end":{"line":42,"column":35}}],"line":42},"3":{"loc":{"start":{"line":82,"column":83},"end":{"line":82,"column":131}},"type":"cond-expr","locations":[{"start":{"line":82,"column":101},"end":{"line":82,"column":116}},{"start":{"line":82,"column":116},"end":{"line":82,"column":131}}],"line":82}},"s":{"0":0,"1":0,"2":0,"3":0,"4":0,"5":0,"6":0,"7":0,"8":0,"9":0,"10":0,"11":0,"12":0,"13":0,"14":0,"15":0,"16":0,"17":0,"18":0,"19":0,"20":0,"21":0,"22":0,"23":0,"24":0,"25":0,"26":0,"27":0},"f":{"0":0,"1":0,"2":0,"3":0,"4":0,"5":0,"6":0,"7":0,"8":0,"9":0,"10":0},"b":{"0":[0,0],"1":[0,0],"2":[0,0],"3":[0,0]},"meta":{"lastBranch":4,"lastFunction":11,"lastStatement":28,"seen":{"f:15:9:15:23":0,"s:16:15:16:Infinity":0,"s:17:16:17:Infinity":1,"s:18:20:18:Infinity":2,"s:19:2:19:Infinity":3,"s:21:2:32:Infinity":4,"f:21:14:21:19":1,"s:22:14:22:Infinity":5,"s:23:4:23:Infinity":6,"s:24:20:24:Infinity":7,"s:25:20:25:Infinity":8,"f:25:25:25:32":2,"s:25:37:25:55":9,"s:26:29:26:Infinity":10,"s:27:4:30:Infinity":11,"f:27:12:27:20":3,"s:28:18:28:Infinity":12,"b:29:6:29:Infinity:undefined:undefined:undefined:undefined":0,"s:29:6:29:Infinity":13,"s:29:24:29:Infinity":14,"s:31:4:31:Infinity":15,"f:41:9:41:23":4,"b:42:2:42:Infinity:undefined:undefined:undefined:undefined":1,"s:42:2:42:Infinity":16,"b:42:6:42:17:42:17:42:35":2,"s:42:35:42:Infinity":17,"s:43:16:43:Infinity":18,"f:43:24:43:32":5,"s:43:41:43:54":19,"s:44:2:57:Infinity":20,"f:47:15:47:22":6,"s:47:27:47:38":21,"f:47:40:47:45":7,"s:48:8:51:Infinity":22,"f:61:16:61:33":8,"s:62:8:62:Infinity":23,"f:62:15:62:31":9,"s:62:36:62:42":24,"s:63:15:63:Infinity":25,"s:65:2:85:Infinity":26,"f:81:41:81:46":10,"s:82:10:82:Infinity":27,"b:82:101:82:116:82:116:82:131":3},"fnNames":{}}}
,"C:\\Projects\\promptwars\\Carbon Footprint Awareness Platform\\Verdant-AI\\src\\components\\earthtwin\\EarthTwin.tsx": {"path":"C:\\Projects\\promptwars\\Carbon Footprint Awareness Platform\\Verdant-AI\\src\\components\\earthtwin\\EarthTwin.tsx","statementMap":{"0":{"start":{"line":14,"column":8},"end":{"line":14,"column":null}},"1":{"start":{"line":15,"column":8},"end":{"line":15,"column":null}},"2":{"start":{"line":16,"column":8},"end":{"line":16,"column":null}},"3":{"start":{"line":17,"column":8},"end":{"line":17,"column":null}},"4":{"start":{"line":19,"column":8},"end":{"line":19,"column":null}},"5":{"start":{"line":19,"column":36},"end":{"line":19,"column":42}},"6":{"start":{"line":20,"column":8},"end":{"line":20,"column":null}},"7":{"start":{"line":22,"column":22},"end":{"line":22,"column":null}},"8":{"start":{"line":24,"column":46},"end":{"line":28,"column":null}},"9":{"start":{"line":29,"column":46},"end":{"line":33,"column":null}},"10":{"start":{"line":35,"column":66},"end":{"line":37,"column":null}},"11":{"start":{"line":39,"column":2},"end":{"line":77,"column":null}},"12":{"start":{"line":40,"column":19},"end":{"line":40,"column":null}},"13":{"start":{"line":41,"column":4},"end":{"line":41,"column":null}},"14":{"start":{"line":41,"column":17},"end":{"line":41,"column":null}},"15":{"start":{"line":43,"column":21},"end":{"line":43,"column":null}},"16":{"start":{"line":45,"column":4},"end":{"line":59,"column":null}},"17":{"start":{"line":61,"column":4},"end":{"line":61,"column":null}},"18":{"start":{"line":62,"column":4},"end":{"line":62,"column":null}},"19":{"start":{"line":64,"column":4},"end":{"line":71,"column":null}},"20":{"start":{"line":65,"column":12},"end":{"line":69,"column":null}},"21":{"start":{"line":66,"column":8},"end":{"line":66,"column":null}},"22":{"start":{"line":67,"column":8},"end":{"line":67,"column":null}},"23":{"start":{"line":68,"column":8},"end":{"line":68,"column":null}},"24":{"start":{"line":70,"column":6},"end":{"line":70,"column":null}},"25":{"start":{"line":73,"column":4},"end":{"line":76,"column":null}},"26":{"start":{"line":74,"column":6},"end":{"line":74,"column":null}},"27":{"start":{"line":75,"column":6},"end":{"line":75,"column":null}},"28":{"start":{"line":79,"column":15},"end":{"line":83,"column":null}},"29":{"start":{"line":85,"column":2},"end":{"line":99,"column":null}}},"fnMap":{"0":{"name":"EarthTwin","decl":{"start":{"line":13,"column":16},"end":{"line":13,"column":26}},"loc":{"start":{"line":13,"column":100},"end":{"line":101,"column":null}},"line":13},"1":{"name":"(anonymous_1)","decl":{"start":{"line":19,"column":15},"end":{"line":19,"column":31}},"loc":{"start":{"line":19,"column":36},"end":{"line":19,"column":42}},"line":19},"2":{"name":"(anonymous_2)","decl":{"start":{"line":39,"column":2},"end":{"line":39,"column":18}},"loc":{"start":{"line":39,"column":18},"end":{"line":77,"column":5}},"line":39},"3":{"name":"(anonymous_3)","decl":{"start":{"line":65,"column":12},"end":{"line":65,"column":28}},"loc":{"start":{"line":65,"column":28},"end":{"line":69,"column":null}},"line":65},"4":{"name":"(anonymous_4)","decl":{"start":{"line":73,"column":4},"end":{"line":73,"column":17}},"loc":{"start":{"line":73,"column":17},"end":{"line":76,"column":null}},"line":73}},"branchMap":{"0":{"loc":{"start":{"line":13,"column":28},"end":{"line":13,"column":40}},"type":"default-arg","locations":[{"start":{"line":13,"column":35},"end":{"line":13,"column":40}}],"line":13},"1":{"loc":{"start":{"line":13,"column":40},"end":{"line":13,"column":56}},"type":"default-arg","locations":[{"start":{"line":13,"column":52},"end":{"line":13,"column":56}}],"line":13},"2":{"loc":{"start":{"line":13,"column":64},"end":{"line":13,"column":100}},"type":"default-arg","locations":[{"start":{"line":13,"column":75},"end":{"line":13,"column":100}}],"line":13},"3":{"loc":{"start":{"line":41,"column":4},"end":{"line":41,"column":null}},"type":"if","locations":[{"start":{"line":41,"column":4},"end":{"line":41,"column":null}},{"start":{},"end":{}}],"line":41},"4":{"loc":{"start":{"line":54,"column":21},"end":{"line":54,"column":null}},"type":"cond-expr","locations":[{"start":{"line":54,"column":41},"end":{"line":54,"column":45}},{"start":{"line":54,"column":45},"end":{"line":54,"column":null}}],"line":54},"5":{"loc":{"start":{"line":64,"column":4},"end":{"line":71,"column":null}},"type":"if","locations":[{"start":{"line":64,"column":4},"end":{"line":71,"column":null}},{"start":{},"end":{}}],"line":64},"6":{"loc":{"start":{"line":79,"column":15},"end":{"line":83,"column":null}},"type":"cond-expr","locations":[{"start":{"line":80,"column":6},"end":{"line":80,"column":null}},{"start":{"line":81,"column":6},"end":{"line":83,"column":null}}],"line":79},"7":{"loc":{"start":{"line":81,"column":6},"end":{"line":83,"column":null}},"type":"cond-expr","locations":[{"start":{"line":82,"column":6},"end":{"line":82,"column":null}},{"start":{"line":83,"column":6},"end":{"line":83,"column":null}}],"line":81},"8":{"loc":{"start":{"line":94,"column":17},"end":{"line":94,"column":null}},"type":"cond-expr","locations":[{"start":{"line":94,"column":37},"end":{"line":94,"column":49}},{"start":{"line":94,"column":49},"end":{"line":94,"column":null}}],"line":94},"9":{"loc":{"start":{"line":94,"column":49},"end":{"line":94,"column":null}},"type":"cond-expr","locations":[{"start":{"line":94,"column":69},"end":{"line":94,"column":81}},{"start":{"line":94,"column":81},"end":{"line":94,"column":null}}],"line":94}},"s":{"0":0,"1":0,"2":0,"3":0,"4":0,"5":0,"6":0,"7":0,"8":0,"9":0,"10":0,"11":0,"12":0,"13":0,"14":0,"15":0,"16":0,"17":0,"18":0,"19":0,"20":0,"21":0,"22":0,"23":0,"24":0,"25":0,"26":0,"27":0,"28":0,"29":0},"f":{"0":0,"1":0,"2":0,"3":0,"4":0},"b":{"0":[0],"1":[0],"2":[0],"3":[0,0],"4":[0,0],"5":[0,0],"6":[0,0],"7":[0,0],"8":[0,0],"9":[0,0]},"meta":{"lastBranch":10,"lastFunction":5,"lastStatement":30,"seen":{"f:13:16:13:26":0,"b:13:35:13:40":0,"b:13:52:13:56":1,"b:13:75:13:100":2,"s:14:8:14:Infinity":0,"s:15:8:15:Infinity":1,"s:16:8:16:Infinity":2,"s:17:8:17:Infinity":3,"s:19:8:19:Infinity":4,"f:19:15:19:31":1,"s:19:36:19:42":5,"s:20:8:20:Infinity":6,"s:22:22:22:Infinity":7,"s:24:46:28:Infinity":8,"s:29:46:33:Infinity":9,"s:35:66:37:Infinity":10,"s:39:2:77:Infinity":11,"f:39:2:39:18":2,"s:40:19:40:Infinity":12,"b:41:4:41:Infinity:undefined:undefined:undefined:undefined":3,"s:41:4:41:Infinity":13,"s:41:17:41:Infinity":14,"s:43:21:43:Infinity":15,"s:45:4:59:Infinity":16,"b:54:41:54:45:54:45:54:Infinity":4,"s:61:4:61:Infinity":17,"s:62:4:62:Infinity":18,"b:64:4:71:Infinity:undefined:undefined:undefined:undefined":5,"s:64:4:71:Infinity":19,"s:65:12:69:Infinity":20,"f:65:12:65:28":3,"s:66:8:66:Infinity":21,"s:67:8:67:Infinity":22,"s:68:8:68:Infinity":23,"s:70:6:70:Infinity":24,"s:73:4:76:Infinity":25,"f:73:4:73:17":4,"s:74:6:74:Infinity":26,"s:75:6:75:Infinity":27,"s:79:15:83:Infinity":28,"b:80:6:80:Infinity:81:6:83:Infinity":6,"b:82:6:82:Infinity:83:6:83:Infinity":7,"s:85:2:99:Infinity":29,"b:94:37:94:49:94:49:94:Infinity":8,"b:94:69:94:81:94:81:94:Infinity":9},"fnNames":{}}}
,"C:\\Projects\\promptwars\\Carbon Footprint Awareness Platform\\Verdant-AI\\src\\components\\impactorb\\ImpactOrb.tsx": {"path":"C:\\Projects\\promptwars\\Carbon Footprint Awareness Platform\\Verdant-AI\\src\\components\\impactorb\\ImpactOrb.tsx","statementMap":{"0":{"start":{"line":14,"column":19},"end":{"line":18,"column":null}},"1":{"start":{"line":21,"column":8},"end":{"line":21,"column":null}},"2":{"start":{"line":22,"column":8},"end":{"line":22,"column":null}},"3":{"start":{"line":23,"column":17},"end":{"line":23,"column":null}},"4":{"start":{"line":24,"column":8},"end":{"line":24,"column":null}},"5":{"start":{"line":26,"column":13},"end":{"line":26,"column":null}},"6":{"start":{"line":27,"column":13},"end":{"line":27,"column":null}},"7":{"start":{"line":28,"column":18},"end":{"line":28,"column":null}},"8":{"start":{"line":29,"column":24},"end":{"line":29,"column":null}},"9":{"start":{"line":32,"column":19},"end":{"line":32,"column":null}},"10":{"start":{"line":33,"column":27},"end":{"line":33,"column":null}},"11":{"start":{"line":35,"column":8},"end":{"line":35,"column":null}},"12":{"start":{"line":36,"column":8},"end":{"line":36,"column":null}},"13":{"start":{"line":38,"column":2},"end":{"line":42,"column":null}},"14":{"start":{"line":39,"column":4},"end":{"line":41,"column":null}},"15":{"start":{"line":40,"column":6},"end":{"line":40,"column":null}},"16":{"start":{"line":44,"column":24},"end":{"line":44,"column":null}},"17":{"start":{"line":46,"column":2},"end":{"line":130,"column":null}}},"fnMap":{"0":{"name":"ImpactOrb","decl":{"start":{"line":20,"column":16},"end":{"line":20,"column":26}},"loc":{"start":{"line":20,"column":125},"end":{"line":132,"column":null}},"line":20},"1":{"name":"(anonymous_1)","decl":{"start":{"line":38,"column":2},"end":{"line":38,"column":18}},"loc":{"start":{"line":38,"column":18},"end":{"line":42,"column":5}},"line":38}},"branchMap":{"0":{"loc":{"start":{"line":20,"column":39},"end":{"line":20,"column":79}},"type":"default-arg","locations":[{"start":{"line":20,"column":48},"end":{"line":20,"column":79}}],"line":20},"1":{"loc":{"start":{"line":20,"column":79},"end":{"line":20,"column":91}},"type":"default-arg","locations":[{"start":{"line":20,"column":86},"end":{"line":20,"column":91}}],"line":20},"2":{"loc":{"start":{"line":20,"column":91},"end":{"line":20,"column":125}},"type":"default-arg","locations":[{"start":{"line":20,"column":103},"end":{"line":20,"column":125}}],"line":20},"3":{"loc":{"start":{"line":39,"column":4},"end":{"line":41,"column":null}},"type":"if","locations":[{"start":{"line":39,"column":4},"end":{"line":41,"column":null}},{"start":{},"end":{}}],"line":39},"4":{"loc":{"start":{"line":44,"column":24},"end":{"line":44,"column":null}},"type":"cond-expr","locations":[{"start":{"line":44,"column":47},"end":{"line":44,"column":66}},{"start":{"line":44,"column":66},"end":{"line":44,"column":null}}],"line":44},"5":{"loc":{"start":{"line":54,"column":23},"end":{"line":54,"column":null}},"type":"cond-expr","locations":[{"start":{"line":54,"column":46},"end":{"line":54,"column":55}},{"start":{"line":54,"column":55},"end":{"line":54,"column":null}}],"line":54},"6":{"loc":{"start":{"line":107,"column":21},"end":{"line":107,"column":null}},"type":"cond-expr","locations":[{"start":{"line":107,"column":44},"end":{"line":107,"column":49}},{"start":{"line":107,"column":49},"end":{"line":107,"column":null}}],"line":107},"7":{"loc":{"start":{"line":122,"column":13},"end":{"line":122,"column":null}},"type":"cond-expr","locations":[{"start":{"line":122,"column":32},"end":{"line":122,"column":62}},{"start":{"line":122,"column":53},"end":{"line":122,"column":null}}],"line":122},"8":{"loc":{"start":{"line":122,"column":53},"end":{"line":122,"column":null}},"type":"cond-expr","locations":[{"start":{"line":122,"column":72},"end":{"line":122,"column":93}},{"start":{"line":122,"column":92},"end":{"line":122,"column":null}}],"line":122}},"s":{"0":0,"1":0,"2":0,"3":0,"4":0,"5":0,"6":0,"7":0,"8":0,"9":0,"10":0,"11":0,"12":0,"13":0,"14":0,"15":0,"16":0,"17":0},"f":{"0":0,"1":0},"b":{"0":[0],"1":[0],"2":[0],"3":[0,0],"4":[0,0],"5":[0,0],"6":[0,0],"7":[0,0],"8":[0,0]},"meta":{"lastBranch":9,"lastFunction":2,"lastStatement":18,"seen":{"s:14:19:18:Infinity":0,"f:20:16:20:26":0,"b:20:48:20:79":0,"b:20:86:20:91":1,"b:20:103:20:125":2,"s:21:8:21:Infinity":1,"s:22:8:22:Infinity":2,"s:23:17:23:Infinity":3,"s:24:8:24:Infinity":4,"s:26:13:26:Infinity":5,"s:27:13:27:Infinity":6,"s:28:18:28:Infinity":7,"s:29:24:29:Infinity":8,"s:32:19:32:Infinity":9,"s:33:27:33:Infinity":10,"s:35:8:35:Infinity":11,"s:36:8:36:Infinity":12,"s:38:2:42:Infinity":13,"f:38:2:38:18":1,"b:39:4:41:Infinity:undefined:undefined:undefined:undefined":3,"s:39:4:41:Infinity":14,"s:40:6:40:Infinity":15,"s:44:24:44:Infinity":16,"b:44:47:44:66:44:66:44:Infinity":4,"s:46:2:130:Infinity":17,"b:54:46:54:55:54:55:54:Infinity":5,"b:107:44:107:49:107:49:107:Infinity":6,"b:122:32:122:62:122:53:122:Infinity":7,"b:122:72:122:93:122:92:122:Infinity":8},"fnNames":{}}}
,"C:\\Projects\\promptwars\\Carbon Footprint Awareness Platform\\Verdant-AI\\src\\components\\layout\\AppShell.tsx": {"path":"C:\\Projects\\promptwars\\Carbon Footprint Awareness Platform\\Verdant-AI\\src\\components\\layout\\AppShell.tsx","statementMap":{"0":{"start":{"line":8,"column":8},"end":{"line":8,"column":null}},"1":{"start":{"line":10,"column":2},"end":{"line":23,"column":null}}},"fnMap":{"0":{"name":"AppShell","decl":{"start":{"line":7,"column":16},"end":{"line":7,"column":27}},"loc":{"start":{"line":7,"column":27},"end":{"line":25,"column":null}},"line":7}},"branchMap":{},"s":{"0":0,"1":0},"f":{"0":0},"b":{},"meta":{"lastBranch":0,"lastFunction":1,"lastStatement":2,"seen":{"f:7:16:7:27":0,"s:8:8:8:Infinity":0,"s:10:2:23:Infinity":1},"fnNames":{}}}
,"C:\\Projects\\promptwars\\Carbon Footprint Awareness Platform\\Verdant-AI\\src\\components\\layout\\PageTransition.tsx": {"path":"C:\\Projects\\promptwars\\Carbon Footprint Awareness Platform\\Verdant-AI\\src\\components\\layout\\PageTransition.tsx","statementMap":{"0":{"start":{"line":9,"column":8},"end":{"line":9,"column":null}},"1":{"start":{"line":11,"column":19},"end":{"line":17,"column":null}},"2":{"start":{"line":19,"column":2},"end":{"line":28,"column":null}}},"fnMap":{"0":{"name":"PageTransition","decl":{"start":{"line":8,"column":16},"end":{"line":8,"column":31}},"loc":{"start":{"line":8,"column":66},"end":{"line":30,"column":null}},"line":8}},"branchMap":{"0":{"loc":{"start":{"line":11,"column":19},"end":{"line":17,"column":null}},"type":"cond-expr","locations":[{"start":{"line":12,"column":6},"end":{"line":12,"column":null}},{"start":{"line":13,"column":6},"end":{"line":17,"column":null}}],"line":11}},"s":{"0":0,"1":0,"2":0},"f":{"0":0},"b":{"0":[0,0]},"meta":{"lastBranch":1,"lastFunction":1,"lastStatement":3,"seen":{"f:8:16:8:31":0,"s:9:8:9:Infinity":0,"s:11:19:17:Infinity":1,"b:12:6:12:Infinity:13:6:17:Infinity":0,"s:19:2:28:Infinity":2},"fnNames":{}}}
,"C:\\Projects\\promptwars\\Carbon Footprint Awareness Platform\\Verdant-AI\\src\\components\\layout\\ProfileEditModal.tsx": {"path":"C:\\Projects\\promptwars\\Carbon Footprint Awareness Platform\\Verdant-AI\\src\\components\\layout\\ProfileEditModal.tsx","statementMap":{"0":{"start":{"line":7,"column":15},"end":{"line":18,"column":null}},"1":{"start":{"line":20,"column":52},"end":{"line":25,"column":null}},"2":{"start":{"line":32,"column":8},"end":{"line":32,"column":null}},"3":{"start":{"line":32,"column":36},"end":{"line":32,"column":42}},"4":{"start":{"line":33,"column":8},"end":{"line":33,"column":null}},"5":{"start":{"line":33,"column":39},"end":{"line":33,"column":48}},"6":{"start":{"line":35,"column":15},"end":{"line":35,"column":null}},"7":{"start":{"line":36,"column":15},"end":{"line":36,"column":null}},"8":{"start":{"line":37,"column":15},"end":{"line":37,"column":null}},"9":{"start":{"line":38,"column":24},"end":{"line":38,"column":null}},"10":{"start":{"line":39,"column":27},"end":{"line":39,"column":null}},"11":{"start":{"line":40,"column":21},"end":{"line":40,"column":null}},"12":{"start":{"line":42,"column":2},"end":{"line":46,"column":null}},"13":{"start":{"line":43,"column":4},"end":{"line":45,"column":null}},"14":{"start":{"line":44,"column":6},"end":{"line":44,"column":null}},"15":{"start":{"line":44,"column":22},"end":{"line":44,"column":null}},"16":{"start":{"line":48,"column":8},"end":{"line":56,"column":null}},"17":{"start":{"line":49,"column":4},"end":{"line":54,"column":null}},"18":{"start":{"line":55,"column":4},"end":{"line":55,"column":null}},"19":{"start":{"line":58,"column":8},"end":{"line":72,"column":null}},"20":{"start":{"line":59,"column":4},"end":{"line":71,"column":null}},"21":{"start":{"line":61,"column":6},"end":{"line":61,"column":null}},"22":{"start":{"line":61,"column":22},"end":{"line":61,"column":null}},"23":{"start":{"line":64,"column":6},"end":{"line":64,"column":null}},"24":{"start":{"line":65,"column":6},"end":{"line":65,"column":null}},"25":{"start":{"line":67,"column":6},"end":{"line":67,"column":null}},"26":{"start":{"line":68,"column":6},"end":{"line":70,"column":null}},"27":{"start":{"line":69,"column":8},"end":{"line":69,"column":null}},"28":{"start":{"line":74,"column":2},"end":{"line":202,"column":null}},"29":{"start":{"line":89,"column":22},"end":{"line":89,"column":null}},"30":{"start":{"line":108,"column":29},"end":{"line":108,"column":null}},"31":{"start":{"line":123,"column":29},"end":{"line":123,"column":null}},"32":{"start":{"line":128,"column":16},"end":{"line":128,"column":null}},"33":{"start":{"line":141,"column":29},"end":{"line":141,"column":null}},"34":{"start":{"line":146,"column":16},"end":{"line":146,"column":null}},"35":{"start":{"line":160,"column":29},"end":{"line":160,"column":null}}},"fnMap":{"0":{"name":"ProfileEditModal","decl":{"start":{"line":31,"column":16},"end":{"line":31,"column":33}},"loc":{"start":{"line":31,"column":69},"end":{"line":204,"column":null}},"line":31},"1":{"name":"(anonymous_1)","decl":{"start":{"line":32,"column":15},"end":{"line":32,"column":31}},"loc":{"start":{"line":32,"column":36},"end":{"line":32,"column":42}},"line":32},"2":{"name":"(anonymous_2)","decl":{"start":{"line":33,"column":18},"end":{"line":33,"column":34}},"loc":{"start":{"line":33,"column":39},"end":{"line":33,"column":48}},"line":33},"3":{"name":"(anonymous_3)","decl":{"start":{"line":42,"column":2},"end":{"line":42,"column":18}},"loc":{"start":{"line":42,"column":18},"end":{"line":46,"column":5}},"line":42},"4":{"name":"(anonymous_4)","decl":{"start":{"line":43,"column":4},"end":{"line":43,"column":17}},"loc":{"start":{"line":43,"column":17},"end":{"line":45,"column":null}},"line":43},"5":{"name":"(anonymous_5)","decl":{"start":{"line":48,"column":8},"end":{"line":48,"column":27}},"loc":{"start":{"line":48,"column":27},"end":{"line":56,"column":null}},"line":48},"6":{"name":"(anonymous_6)","decl":{"start":{"line":58,"column":8},"end":{"line":58,"column":33}},"loc":{"start":{"line":58,"column":33},"end":{"line":72,"column":null}},"line":58},"7":{"name":"(anonymous_7)","decl":{"start":{"line":68,"column":20},"end":{"line":68,"column":37}},"loc":{"start":{"line":68,"column":37},"end":{"line":70,"column":9}},"line":68},"8":{"name":"(anonymous_8)","decl":{"start":{"line":89,"column":8},"end":{"line":89,"column":17}},"loc":{"start":{"line":89,"column":22},"end":{"line":89,"column":null}},"line":89},"9":{"name":"(anonymous_9)","decl":{"start":{"line":108,"column":14},"end":{"line":108,"column":24}},"loc":{"start":{"line":108,"column":29},"end":{"line":108,"column":null}},"line":108},"10":{"name":"(anonymous_10)","decl":{"start":{"line":123,"column":14},"end":{"line":123,"column":24}},"loc":{"start":{"line":123,"column":29},"end":{"line":123,"column":null}},"line":123},"11":{"name":"(anonymous_11)","decl":{"start":{"line":127,"column":22},"end":{"line":127,"column":26}},"loc":{"start":{"line":128,"column":16},"end":{"line":128,"column":null}},"line":128},"12":{"name":"(anonymous_12)","decl":{"start":{"line":141,"column":14},"end":{"line":141,"column":24}},"loc":{"start":{"line":141,"column":29},"end":{"line":141,"column":null}},"line":141},"13":{"name":"(anonymous_13)","decl":{"start":{"line":145,"column":21},"end":{"line":145,"column":25}},"loc":{"start":{"line":146,"column":16},"end":{"line":146,"column":null}},"line":146},"14":{"name":"(anonymous_14)","decl":{"start":{"line":160,"column":14},"end":{"line":160,"column":24}},"loc":{"start":{"line":160,"column":29},"end":{"line":160,"column":null}},"line":160}},"branchMap":{"0":{"loc":{"start":{"line":44,"column":6},"end":{"line":44,"column":null}},"type":"if","locations":[{"start":{"line":44,"column":6},"end":{"line":44,"column":null}},{"start":{},"end":{}}],"line":44},"1":{"loc":{"start":{"line":59,"column":4},"end":{"line":71,"column":null}},"type":"if","locations":[{"start":{"line":59,"column":4},"end":{"line":71,"column":null}},{"start":{"line":66,"column":11},"end":{"line":71,"column":null}}],"line":59},"2":{"loc":{"start":{"line":61,"column":6},"end":{"line":61,"column":null}},"type":"if","locations":[{"start":{"line":61,"column":6},"end":{"line":61,"column":null}},{"start":{},"end":{}}],"line":61},"3":{"loc":{"start":{"line":188,"column":26},"end":{"line":188,"column":null}},"type":"cond-expr","locations":[{"start":{"line":188,"column":45},"end":{"line":188,"column":69}},{"start":{"line":188,"column":69},"end":{"line":188,"column":null}}],"line":188},"4":{"loc":{"start":{"line":189,"column":35},"end":{"line":189,"column":null}},"type":"cond-expr","locations":[{"start":{"line":189,"column":54},"end":{"line":189,"column":66}},{"start":{"line":189,"column":66},"end":{"line":189,"column":null}}],"line":189},"5":{"loc":{"start":{"line":194,"column":13},"end":{"line":194,"column":null}},"type":"cond-expr","locations":[{"start":{"line":194,"column":32},"end":{"line":194,"column":50}},{"start":{"line":194,"column":50},"end":{"line":194,"column":null}}],"line":194}},"s":{"0":0,"1":0,"2":0,"3":0,"4":0,"5":0,"6":0,"7":0,"8":0,"9":0,"10":0,"11":0,"12":0,"13":0,"14":0,"15":0,"16":0,"17":0,"18":0,"19":0,"20":0,"21":0,"22":0,"23":0,"24":0,"25":0,"26":0,"27":0,"28":0,"29":0,"30":0,"31":0,"32":0,"33":0,"34":0,"35":0},"f":{"0":0,"1":0,"2":0,"3":0,"4":0,"5":0,"6":0,"7":0,"8":0,"9":0,"10":0,"11":0,"12":0,"13":0,"14":0},"b":{"0":[0,0],"1":[0,0],"2":[0,0],"3":[0,0],"4":[0,0],"5":[0,0]},"meta":{"lastBranch":6,"lastFunction":15,"lastStatement":36,"seen":{"s:7:15:18:Infinity":0,"s:20:52:25:Infinity":1,"f:31:16:31:33":0,"s:32:8:32:Infinity":2,"f:32:15:32:31":1,"s:32:36:32:42":3,"s:33:8:33:Infinity":4,"f:33:18:33:34":2,"s:33:39:33:48":5,"s:35:15:35:Infinity":6,"s:36:15:36:Infinity":7,"s:37:15:37:Infinity":8,"s:38:24:38:Infinity":9,"s:39:27:39:Infinity":10,"s:40:21:40:Infinity":11,"s:42:2:46:Infinity":12,"f:42:2:42:18":3,"s:43:4:45:Infinity":13,"f:43:4:43:17":4,"b:44:6:44:Infinity:undefined:undefined:undefined:undefined":0,"s:44:6:44:Infinity":14,"s:44:22:44:Infinity":15,"s:48:8:56:Infinity":16,"f:48:8:48:27":5,"s:49:4:54:Infinity":17,"s:55:4:55:Infinity":18,"s:58:8:72:Infinity":19,"f:58:8:58:33":6,"b:59:4:71:Infinity:66:11:71:Infinity":1,"s:59:4:71:Infinity":20,"b:61:6:61:Infinity:undefined:undefined:undefined:undefined":2,"s:61:6:61:Infinity":21,"s:61:22:61:Infinity":22,"s:64:6:64:Infinity":23,"s:65:6:65:Infinity":24,"s:67:6:67:Infinity":25,"s:68:6:70:Infinity":26,"f:68:20:68:37":7,"s:69:8:69:Infinity":27,"s:74:2:202:Infinity":28,"f:89:8:89:17":8,"s:89:22:89:Infinity":29,"f:108:14:108:24":9,"s:108:29:108:Infinity":30,"f:123:14:123:24":10,"s:123:29:123:Infinity":31,"f:127:22:127:26":11,"s:128:16:128:Infinity":32,"f:141:14:141:24":12,"s:141:29:141:Infinity":33,"f:145:21:145:25":13,"s:146:16:146:Infinity":34,"f:160:14:160:24":14,"s:160:29:160:Infinity":35,"b:188:45:188:69:188:69:188:Infinity":3,"b:189:54:189:66:189:66:189:Infinity":4,"b:194:32:194:50:194:50:194:Infinity":5},"fnNames":{}}}
,"C:\\Projects\\promptwars\\Carbon Footprint Awareness Platform\\Verdant-AI\\src\\components\\layout\\Sidebar.tsx": {"path":"C:\\Projects\\promptwars\\Carbon Footprint Awareness Platform\\Verdant-AI\\src\\components\\layout\\Sidebar.tsx","statementMap":{"0":{"start":{"line":11,"column":18},"end":{"line":19,"column":null}},"1":{"start":{"line":22,"column":8},"end":{"line":22,"column":null}},"2":{"start":{"line":23,"column":8},"end":{"line":23,"column":null}},"3":{"start":{"line":23,"column":36},"end":{"line":23,"column":42}},"4":{"start":{"line":24,"column":21},"end":{"line":24,"column":null}},"5":{"start":{"line":25,"column":27},"end":{"line":25,"column":null}},"6":{"start":{"line":27,"column":2},"end":{"line":153,"column":null}},"7":{"start":{"line":32,"column":23},"end":{"line":32,"column":null}},"8":{"start":{"line":47,"column":27},"end":{"line":47,"column":null}},"9":{"start":{"line":86,"column":31},"end":{"line":86,"column":null}},"10":{"start":{"line":87,"column":14},"end":{"line":108,"column":null}},"11":{"start":{"line":91,"column":35},"end":{"line":91,"column":null}},"12":{"start":{"line":117,"column":27},"end":{"line":117,"column":null}},"13":{"start":{"line":151,"column":62},"end":{"line":151,"column":91}}},"fnMap":{"0":{"name":"Sidebar","decl":{"start":{"line":21,"column":16},"end":{"line":21,"column":26}},"loc":{"start":{"line":21,"column":26},"end":{"line":155,"column":null}},"line":21},"1":{"name":"(anonymous_1)","decl":{"start":{"line":23,"column":15},"end":{"line":23,"column":31}},"loc":{"start":{"line":23,"column":36},"end":{"line":23,"column":42}},"line":23},"2":{"name":"(anonymous_2)","decl":{"start":{"line":32,"column":8},"end":{"line":32,"column":23}},"loc":{"start":{"line":32,"column":23},"end":{"line":32,"column":null}},"line":32},"3":{"name":"(anonymous_3)","decl":{"start":{"line":47,"column":12},"end":{"line":47,"column":27}},"loc":{"start":{"line":47,"column":27},"end":{"line":47,"column":null}},"line":47},"4":{"name":"(anonymous_4)","decl":{"start":{"line":85,"column":23},"end":{"line":85,"column":27}},"loc":{"start":{"line":85,"column":35},"end":{"line":110,"column":13}},"line":85},"5":{"name":"(anonymous_5)","decl":{"start":{"line":91,"column":20},"end":{"line":91,"column":35}},"loc":{"start":{"line":91,"column":35},"end":{"line":91,"column":null}},"line":91},"6":{"name":"(anonymous_6)","decl":{"start":{"line":117,"column":12},"end":{"line":117,"column":27}},"loc":{"start":{"line":117,"column":27},"end":{"line":117,"column":null}},"line":117},"7":{"name":"(anonymous_7)","decl":{"start":{"line":151,"column":47},"end":{"line":151,"column":62}},"loc":{"start":{"line":151,"column":62},"end":{"line":151,"column":91}},"line":151}},"branchMap":{"0":{"loc":{"start":{"line":35,"column":9},"end":{"line":35,"column":null}},"type":"cond-expr","locations":[{"start":{"line":35,"column":22},"end":{"line":35,"column":41}},{"start":{"line":35,"column":40},"end":{"line":35,"column":null}}],"line":35},"1":{"loc":{"start":{"line":40,"column":9},"end":{"line":50,"column":null}},"type":"binary-expr","locations":[{"start":{"line":40,"column":9},"end":{"line":40,"column":null}},{"start":{"line":41,"column":10},"end":{"line":50,"column":null}}],"line":40},"2":{"loc":{"start":{"line":62,"column":13},"end":{"line":62,"column":null}},"type":"cond-expr","locations":[{"start":{"line":62,"column":26},"end":{"line":62,"column":30}},{"start":{"line":62,"column":30},"end":{"line":62,"column":null}}],"line":62},"3":{"loc":{"start":{"line":62,"column":30},"end":{"line":62,"column":null}},"type":"cond-expr","locations":[{"start":{"line":62,"column":89},"end":{"line":62,"column":96}},{"start":{"line":62,"column":96},"end":{"line":62,"column":null}}],"line":62},"4":{"loc":{"start":{"line":62,"column":30},"end":{"line":62,"column":89}},"type":"binary-expr","locations":[{"start":{"line":62,"column":30},"end":{"line":62,"column":63}},{"start":{"line":62,"column":63},"end":{"line":62,"column":89}}],"line":62},"5":{"loc":{"start":{"line":94,"column":29},"end":{"line":94,"column":null}},"type":"cond-expr","locations":[{"start":{"line":94,"column":40},"end":{"line":94,"column":52}},{"start":{"line":94,"column":52},"end":{"line":94,"column":null}}],"line":94},"6":{"loc":{"start":{"line":95,"column":34},"end":{"line":95,"column":null}},"type":"cond-expr","locations":[{"start":{"line":95,"column":45},"end":{"line":95,"column":71}},{"start":{"line":95,"column":71},"end":{"line":95,"column":null}}],"line":95},"7":{"loc":{"start":{"line":96,"column":30},"end":{"line":96,"column":null}},"type":"cond-expr","locations":[{"start":{"line":96,"column":41},"end":{"line":96,"column":76}},{"start":{"line":96,"column":76},"end":{"line":96,"column":null}}],"line":96},"8":{"loc":{"start":{"line":99,"column":21},"end":{"line":103,"column":null}},"type":"binary-expr","locations":[{"start":{"line":99,"column":21},"end":{"line":99,"column":null}},{"start":{"line":100,"column":22},"end":{"line":103,"column":null}}],"line":99},"9":{"loc":{"start":{"line":124,"column":15},"end":{"line":124,"column":null}},"type":"cond-expr","locations":[{"start":{"line":124,"column":27},"end":{"line":124,"column":63}},{"start":{"line":124,"column":63},"end":{"line":124,"column":null}}],"line":124},"10":{"loc":{"start":{"line":128,"column":17},"end":{"line":128,"column":null}},"type":"binary-expr","locations":[{"start":{"line":128,"column":17},"end":{"line":128,"column":30}},{"start":{"line":128,"column":30},"end":{"line":128,"column":null}}],"line":128},"11":{"loc":{"start":{"line":134,"column":11},"end":{"line":140,"column":null}},"type":"binary-expr","locations":[{"start":{"line":134,"column":11},"end":{"line":134,"column":null}},{"start":{"line":135,"column":12},"end":{"line":140,"column":null}}],"line":134},"12":{"loc":{"start":{"line":151,"column":9},"end":{"line":152,"column":null}},"type":"binary-expr","locations":[{"start":{"line":151,"column":9},"end":{"line":151,"column":29}},{"start":{"line":151,"column":29},"end":{"line":152,"column":null}}],"line":151}},"s":{"0":0,"1":0,"2":0,"3":0,"4":0,"5":0,"6":0,"7":0,"8":0,"9":0,"10":0,"11":0,"12":0,"13":0},"f":{"0":0,"1":0,"2":0,"3":0,"4":0,"5":0,"6":0,"7":0},"b":{"0":[0,0],"1":[0,0],"2":[0,0],"3":[0,0],"4":[0,0],"5":[0,0],"6":[0,0],"7":[0,0],"8":[0,0],"9":[0,0],"10":[0,0],"11":[0,0],"12":[0,0]},"meta":{"lastBranch":13,"lastFunction":8,"lastStatement":14,"seen":{"s:11:18:19:Infinity":0,"f:21:16:21:26":0,"s:22:8:22:Infinity":1,"s:23:8:23:Infinity":2,"f:23:15:23:31":1,"s:23:36:23:42":3,"s:24:21:24:Infinity":4,"s:25:27:25:Infinity":5,"s:27:2:153:Infinity":6,"f:32:8:32:23":2,"s:32:23:32:Infinity":7,"b:35:22:35:41:35:40:35:Infinity":0,"b:40:9:40:Infinity:41:10:50:Infinity":1,"f:47:12:47:27":3,"s:47:27:47:Infinity":8,"b:62:26:62:30:62:30:62:Infinity":2,"b:62:89:62:96:62:96:62:Infinity":3,"b:62:30:62:63:62:63:62:89":4,"f:85:23:85:27":4,"s:86:31:86:Infinity":9,"s:87:14:108:Infinity":10,"f:91:20:91:35":5,"s:91:35:91:Infinity":11,"b:94:40:94:52:94:52:94:Infinity":5,"b:95:45:95:71:95:71:95:Infinity":6,"b:96:41:96:76:96:76:96:Infinity":7,"b:99:21:99:Infinity:100:22:103:Infinity":8,"f:117:12:117:27":6,"s:117:27:117:Infinity":12,"b:124:27:124:63:124:63:124:Infinity":9,"b:128:17:128:30:128:30:128:Infinity":10,"b:134:11:134:Infinity:135:12:140:Infinity":11,"b:151:9:151:29:151:29:152:Infinity":12,"f:151:47:151:62":7,"s:151:62:151:91":13},"fnNames":{}}}
,"C:\\Projects\\promptwars\\Carbon Footprint Awareness Platform\\Verdant-AI\\src\\components\\sage\\SageBubble.tsx": {"path":"C:\\Projects\\promptwars\\Carbon Footprint Awareness Platform\\Verdant-AI\\src\\components\\sage\\SageBubble.tsx","statementMap":{"0":{"start":{"line":7,"column":17},"end":{"line":7,"column":null}},"1":{"start":{"line":8,"column":8},"end":{"line":8,"column":null}},"2":{"start":{"line":10,"column":2},"end":{"line":53,"column":null}},"3":{"start":{"line":26,"column":23},"end":{"line":26,"column":null}},"4":{"start":{"line":26,"column":38},"end":{"line":26,"column":40}},"5":{"start":{"line":51,"column":45},"end":{"line":51,"column":64}}},"fnMap":{"0":{"name":"SageBubble","decl":{"start":{"line":6,"column":16},"end":{"line":6,"column":29}},"loc":{"start":{"line":6,"column":29},"end":{"line":55,"column":null}},"line":6},"1":{"name":"(anonymous_1)","decl":{"start":{"line":26,"column":8},"end":{"line":26,"column":23}},"loc":{"start":{"line":26,"column":23},"end":{"line":26,"column":null}},"line":26},"2":{"name":"(anonymous_2)","decl":{"start":{"line":26,"column":23},"end":{"line":26,"column":33}},"loc":{"start":{"line":26,"column":38},"end":{"line":26,"column":40}},"line":26},"3":{"name":"(anonymous_3)","decl":{"start":{"line":51,"column":30},"end":{"line":51,"column":45}},"loc":{"start":{"line":51,"column":45},"end":{"line":51,"column":64}},"line":51}},"branchMap":{"0":{"loc":{"start":{"line":30,"column":29},"end":{"line":30,"column":46}},"type":"cond-expr","locations":[{"start":{"line":30,"column":38},"end":{"line":30,"column":43}},{"start":{"line":30,"column":43},"end":{"line":30,"column":46}}],"line":30},"1":{"loc":{"start":{"line":30,"column":53},"end":{"line":30,"column":70}},"type":"cond-expr","locations":[{"start":{"line":30,"column":62},"end":{"line":30,"column":68}},{"start":{"line":30,"column":68},"end":{"line":30,"column":70}}],"line":30},"2":{"loc":{"start":{"line":34,"column":11},"end":{"line":36,"column":null}},"type":"cond-expr","locations":[{"start":{"line":35,"column":14},"end":{"line":36,"column":15}},{"start":{"line":36,"column":14},"end":{"line":36,"column":null}}],"line":34},"3":{"loc":{"start":{"line":40,"column":9},"end":{"line":47,"column":null}},"type":"binary-expr","locations":[{"start":{"line":40,"column":9},"end":{"line":40,"column":null}},{"start":{"line":41,"column":10},"end":{"line":47,"column":null}}],"line":40},"4":{"loc":{"start":{"line":51,"column":9},"end":{"line":52,"column":null}},"type":"binary-expr","locations":[{"start":{"line":51,"column":9},"end":{"line":51,"column":19}},{"start":{"line":51,"column":19},"end":{"line":52,"column":null}}],"line":51}},"s":{"0":0,"1":0,"2":0,"3":0,"4":0,"5":0},"f":{"0":0,"1":0,"2":0,"3":0},"b":{"0":[0,0],"1":[0,0],"2":[0,0],"3":[0,0],"4":[0,0]},"meta":{"lastBranch":5,"lastFunction":4,"lastStatement":6,"seen":{"f:6:16:6:29":0,"s:7:17:7:Infinity":0,"s:8:8:8:Infinity":1,"s:10:2:53:Infinity":2,"f:26:8:26:23":1,"s:26:23:26:Infinity":3,"f:26:23:26:33":2,"s:26:38:26:40":4,"b:30:38:30:43:30:43:30:46":0,"b:30:62:30:68:30:68:30:70":1,"b:35:14:36:15:36:14:36:Infinity":2,"b:40:9:40:Infinity:41:10:47:Infinity":3,"b:51:9:51:19:51:19:52:Infinity":4,"f:51:30:51:45":3,"s:51:45:51:64":5},"fnNames":{}}}
,"C:\\Projects\\promptwars\\Carbon Footprint Awareness Platform\\Verdant-AI\\src\\components\\sage\\SagePanel.tsx": {"path":"C:\\Projects\\promptwars\\Carbon Footprint Awareness Platform\\Verdant-AI\\src\\components\\sage\\SagePanel.tsx","statementMap":{"0":{"start":{"line":7,"column":26},"end":{"line":12,"column":null}},"1":{"start":{"line":19,"column":8},"end":{"line":19,"column":null}},"2":{"start":{"line":19,"column":36},"end":{"line":19,"column":42}},"3":{"start":{"line":20,"column":8},"end":{"line":20,"column":null}},"4":{"start":{"line":20,"column":41},"end":{"line":20,"column":52}},"5":{"start":{"line":21,"column":33},"end":{"line":21,"column":null}},"6":{"start":{"line":22,"column":16},"end":{"line":22,"column":null}},"7":{"start":{"line":23,"column":8},"end":{"line":23,"column":null}},"8":{"start":{"line":25,"column":2},"end":{"line":27,"column":null}},"9":{"start":{"line":26,"column":4},"end":{"line":26,"column":null}},"10":{"start":{"line":29,"column":8},"end":{"line":33,"column":null}},"11":{"start":{"line":30,"column":4},"end":{"line":30,"column":null}},"12":{"start":{"line":30,"column":23},"end":{"line":30,"column":null}},"13":{"start":{"line":31,"column":4},"end":{"line":31,"column":null}},"14":{"start":{"line":32,"column":4},"end":{"line":32,"column":null}},"15":{"start":{"line":35,"column":2},"end":{"line":193,"column":null}},"16":{"start":{"line":103,"column":16},"end":{"line":114,"column":null}},"17":{"start":{"line":105,"column":33},"end":{"line":105,"column":null}},"18":{"start":{"line":121,"column":10},"end":{"line":135,"column":null}},"19":{"start":{"line":152,"column":18},"end":{"line":157,"column":null}},"20":{"start":{"line":173,"column":25},"end":{"line":173,"column":null}},"21":{"start":{"line":174,"column":26},"end":{"line":174,"column":null}}},"fnMap":{"0":{"name":"SagePanel","decl":{"start":{"line":18,"column":16},"end":{"line":18,"column":26}},"loc":{"start":{"line":18,"column":55},"end":{"line":195,"column":null}},"line":18},"1":{"name":"(anonymous_1)","decl":{"start":{"line":19,"column":15},"end":{"line":19,"column":31}},"loc":{"start":{"line":19,"column":36},"end":{"line":19,"column":42}},"line":19},"2":{"name":"(anonymous_2)","decl":{"start":{"line":20,"column":20},"end":{"line":20,"column":36}},"loc":{"start":{"line":20,"column":41},"end":{"line":20,"column":52}},"line":20},"3":{"name":"(anonymous_3)","decl":{"start":{"line":25,"column":2},"end":{"line":25,"column":18}},"loc":{"start":{"line":25,"column":18},"end":{"line":27,"column":5}},"line":25},"4":{"name":"(anonymous_4)","decl":{"start":{"line":29,"column":8},"end":{"line":29,"column":27}},"loc":{"start":{"line":29,"column":27},"end":{"line":33,"column":null}},"line":29},"5":{"name":"(anonymous_5)","decl":{"start":{"line":102,"column":33},"end":{"line":102,"column":38}},"loc":{"start":{"line":103,"column":16},"end":{"line":114,"column":null}},"line":103},"6":{"name":"(anonymous_6)","decl":{"start":{"line":105,"column":18},"end":{"line":105,"column":33}},"loc":{"start":{"line":105,"column":33},"end":{"line":105,"column":null}},"line":105},"7":{"name":"(anonymous_7)","decl":{"start":{"line":120,"column":21},"end":{"line":120,"column":25}},"loc":{"start":{"line":121,"column":10},"end":{"line":135,"column":null}},"line":121},"8":{"name":"(anonymous_8)","decl":{"start":{"line":151,"column":27},"end":{"line":151,"column":31}},"loc":{"start":{"line":152,"column":18},"end":{"line":157,"column":null}},"line":152},"9":{"name":"(anonymous_9)","decl":{"start":{"line":173,"column":10},"end":{"line":173,"column":20}},"loc":{"start":{"line":173,"column":25},"end":{"line":173,"column":null}},"line":173},"10":{"name":"(anonymous_10)","decl":{"start":{"line":174,"column":10},"end":{"line":174,"column":21}},"loc":{"start":{"line":174,"column":26},"end":{"line":174,"column":null}},"line":174}},"branchMap":{"0":{"loc":{"start":{"line":30,"column":4},"end":{"line":30,"column":null}},"type":"if","locations":[{"start":{"line":30,"column":4},"end":{"line":30,"column":null}},{"start":{},"end":{}}],"line":30},"1":{"loc":{"start":{"line":69,"column":11},"end":{"line":78,"column":11}},"type":"binary-expr","locations":[{"start":{"line":69,"column":11},"end":{"line":69,"column":null}},{"start":{"line":70,"column":12},"end":{"line":78,"column":11}}],"line":69},"2":{"loc":{"start":{"line":90,"column":9},"end":{"line":117,"column":null}},"type":"binary-expr","locations":[{"start":{"line":90,"column":9},"end":{"line":90,"column":null}},{"start":{"line":91,"column":10},"end":{"line":117,"column":null}}],"line":90},"3":{"loc":{"start":{"line":123,"column":31},"end":{"line":123,"column":null}},"type":"cond-expr","locations":[{"start":{"line":123,"column":53},"end":{"line":123,"column":69}},{"start":{"line":123,"column":69},"end":{"line":123,"column":null}}],"line":123},"4":{"loc":{"start":{"line":128,"column":16},"end":{"line":130,"column":null}},"type":"cond-expr","locations":[{"start":{"line":129,"column":20},"end":{"line":129,"column":null}},{"start":{"line":130,"column":20},"end":{"line":130,"column":null}}],"line":128},"5":{"loc":{"start":{"line":140,"column":11},"end":{"line":162,"column":null}},"type":"binary-expr","locations":[{"start":{"line":140,"column":11},"end":{"line":140,"column":null}},{"start":{"line":141,"column":12},"end":{"line":162,"column":null}}],"line":140},"6":{"loc":{"start":{"line":174,"column":26},"end":{"line":174,"column":null}},"type":"binary-expr","locations":[{"start":{"line":174,"column":26},"end":{"line":174,"column":47}},{"start":{"line":174,"column":47},"end":{"line":174,"column":62}},{"start":{"line":174,"column":62},"end":{"line":174,"column":null}}],"line":174},"7":{"loc":{"start":{"line":184,"column":20},"end":{"line":184,"column":null}},"type":"binary-expr","locations":[{"start":{"line":184,"column":20},"end":{"line":184,"column":37}},{"start":{"line":184,"column":37},"end":{"line":184,"column":null}}],"line":184},"8":{"loc":{"start":{"line":186,"column":31},"end":{"line":186,"column":81}},"type":"cond-expr","locations":[{"start":{"line":186,"column":46},"end":{"line":186,"column":58}},{"start":{"line":186,"column":58},"end":{"line":186,"column":81}}],"line":186},"9":{"loc":{"start":{"line":187,"column":22},"end":{"line":187,"column":null}},"type":"cond-expr","locations":[{"start":{"line":187,"column":37},"end":{"line":187,"column":55}},{"start":{"line":187,"column":55},"end":{"line":187,"column":null}}],"line":187},"10":{"loc":{"start":{"line":188,"column":20},"end":{"line":188,"column":null}},"type":"cond-expr","locations":[{"start":{"line":188,"column":35},"end":{"line":188,"column":53}},{"start":{"line":188,"column":53},"end":{"line":188,"column":null}}],"line":188},"11":{"loc":{"start":{"line":190,"column":42},"end":{"line":190,"column":92}},"type":"cond-expr","locations":[{"start":{"line":190,"column":57},"end":{"line":190,"column":69}},{"start":{"line":190,"column":69},"end":{"line":190,"column":92}}],"line":190}},"s":{"0":0,"1":0,"2":0,"3":0,"4":0,"5":0,"6":0,"7":0,"8":0,"9":0,"10":0,"11":0,"12":0,"13":0,"14":0,"15":0,"16":0,"17":0,"18":0,"19":0,"20":0,"21":0},"f":{"0":0,"1":0,"2":0,"3":0,"4":0,"5":0,"6":0,"7":0,"8":0,"9":0,"10":0},"b":{"0":[0,0],"1":[0,0],"2":[0,0],"3":[0,0],"4":[0,0],"5":[0,0],"6":[0,0,0],"7":[0,0],"8":[0,0],"9":[0,0],"10":[0,0],"11":[0,0]},"meta":{"lastBranch":12,"lastFunction":11,"lastStatement":22,"seen":{"s:7:26:12:Infinity":0,"f:18:16:18:26":0,"s:19:8:19:Infinity":1,"f:19:15:19:31":1,"s:19:36:19:42":2,"s:20:8:20:Infinity":3,"f:20:20:20:36":2,"s:20:41:20:52":4,"s:21:33:21:Infinity":5,"s:22:16:22:Infinity":6,"s:23:8:23:Infinity":7,"s:25:2:27:Infinity":8,"f:25:2:25:18":3,"s:26:4:26:Infinity":9,"s:29:8:33:Infinity":10,"f:29:8:29:27":4,"b:30:4:30:Infinity:undefined:undefined:undefined:undefined":0,"s:30:4:30:Infinity":11,"s:30:23:30:Infinity":12,"s:31:4:31:Infinity":13,"s:32:4:32:Infinity":14,"s:35:2:193:Infinity":15,"b:69:11:69:Infinity:70:12:78:11":1,"b:90:9:90:Infinity:91:10:117:Infinity":2,"f:102:33:102:38":5,"s:103:16:114:Infinity":16,"f:105:18:105:33":6,"s:105:33:105:Infinity":17,"f:120:21:120:25":7,"s:121:10:135:Infinity":18,"b:123:53:123:69:123:69:123:Infinity":3,"b:129:20:129:Infinity:130:20:130:Infinity":4,"b:140:11:140:Infinity:141:12:162:Infinity":5,"f:151:27:151:31":8,"s:152:18:157:Infinity":19,"f:173:10:173:20":9,"s:173:25:173:Infinity":20,"f:174:10:174:21":10,"s:174:26:174:Infinity":21,"b:174:26:174:47:174:47:174:62:174:62:174:Infinity":6,"b:184:20:184:37:184:37:184:Infinity":7,"b:186:46:186:58:186:58:186:81":8,"b:187:37:187:55:187:55:187:Infinity":9,"b:188:35:188:53:188:53:188:Infinity":10,"b:190:57:190:69:190:69:190:92":11},"fnNames":{}}}
,"C:\\Projects\\promptwars\\Carbon Footprint Awareness Platform\\Verdant-AI\\src\\components\\ui\\Badge.tsx": {"path":"C:\\Projects\\promptwars\\Carbon Footprint Awareness Platform\\Verdant-AI\\src\\components\\ui\\Badge.tsx","statementMap":{"0":{"start":{"line":11,"column":16},"end":{"line":11,"column":null}},"1":{"start":{"line":12,"column":22},"end":{"line":16,"column":null}},"2":{"start":{"line":17,"column":2},"end":{"line":23,"column":null}},"3":{"start":{"line":32,"column":48},"end":{"line":39,"column":null}},"4":{"start":{"line":42,"column":16},"end":{"line":42,"column":null}},"5":{"start":{"line":43,"column":20},"end":{"line":43,"column":null}},"6":{"start":{"line":44,"column":16},"end":{"line":44,"column":null}},"7":{"start":{"line":45,"column":2},"end":{"line":48,"column":null}}},"fnMap":{"0":{"name":"LevelBadge","decl":{"start":{"line":10,"column":16},"end":{"line":10,"column":27}},"loc":{"start":{"line":10,"column":83},"end":{"line":25,"column":null}},"line":10},"1":{"name":"CategoryBadge","decl":{"start":{"line":41,"column":16},"end":{"line":41,"column":30}},"loc":{"start":{"line":41,"column":77},"end":{"line":50,"column":null}},"line":41}},"branchMap":{"0":{"loc":{"start":{"line":10,"column":33},"end":{"line":10,"column":46}},"type":"default-arg","locations":[{"start":{"line":10,"column":40},"end":{"line":10,"column":46}}],"line":10},"1":{"loc":{"start":{"line":10,"column":46},"end":{"line":10,"column":83}},"type":"default-arg","locations":[{"start":{"line":10,"column":58},"end":{"line":10,"column":83}}],"line":10},"2":{"loc":{"start":{"line":21,"column":35},"end":{"line":21,"column":81}},"type":"cond-expr","locations":[{"start":{"line":21,"column":51},"end":{"line":21,"column":56}},{"start":{"line":21,"column":56},"end":{"line":21,"column":81}}],"line":21},"3":{"loc":{"start":{"line":21,"column":56},"end":{"line":21,"column":81}},"type":"cond-expr","locations":[{"start":{"line":21,"column":72},"end":{"line":21,"column":77}},{"start":{"line":21,"column":77},"end":{"line":21,"column":81}}],"line":21},"4":{"loc":{"start":{"line":22,"column":7},"end":{"line":23,"column":null}},"type":"binary-expr","locations":[{"start":{"line":22,"column":7},"end":{"line":22,"column":20}},{"start":{"line":22,"column":20},"end":{"line":23,"column":null}}],"line":22},"5":{"loc":{"start":{"line":41,"column":42},"end":{"line":41,"column":77}},"type":"default-arg","locations":[{"start":{"line":41,"column":49},"end":{"line":41,"column":77}}],"line":41},"6":{"loc":{"start":{"line":42,"column":16},"end":{"line":42,"column":null}},"type":"binary-expr","locations":[{"start":{"line":42,"column":16},"end":{"line":42,"column":45}},{"start":{"line":42,"column":45},"end":{"line":42,"column":null}}],"line":42},"7":{"loc":{"start":{"line":43,"column":20},"end":{"line":43,"column":null}},"type":"cond-expr","locations":[{"start":{"line":43,"column":36},"end":{"line":43,"column":60}},{"start":{"line":43,"column":60},"end":{"line":43,"column":null}}],"line":43}},"s":{"0":0,"1":0,"2":0,"3":0,"4":0,"5":0,"6":0,"7":0},"f":{"0":0,"1":0},"b":{"0":[0],"1":[0],"2":[0,0],"3":[0,0],"4":[0,0],"5":[0],"6":[0,0],"7":[0,0]},"meta":{"lastBranch":8,"lastFunction":2,"lastStatement":8,"seen":{"f:10:16:10:27":0,"b:10:40:10:46":0,"b:10:58:10:83":1,"s:11:16:11:Infinity":0,"s:12:22:16:Infinity":1,"s:17:2:23:Infinity":2,"b:21:51:21:56:21:56:21:81":2,"b:21:72:21:77:21:77:21:81":3,"b:22:7:22:20:22:20:23:Infinity":4,"s:32:48:39:Infinity":3,"f:41:16:41:30":1,"b:41:49:41:77":5,"s:42:16:42:Infinity":4,"b:42:16:42:45:42:45:42:Infinity":6,"s:43:20:43:Infinity":5,"b:43:36:43:60:43:60:43:Infinity":7,"s:44:16:44:Infinity":6,"s:45:2:48:Infinity":7},"fnNames":{}}}
,"C:\\Projects\\promptwars\\Carbon Footprint Awareness Platform\\Verdant-AI\\src\\components\\ui\\CategoryIcon.tsx": {"path":"C:\\Projects\\promptwars\\Carbon Footprint Awareness Platform\\Verdant-AI\\src\\components\\ui\\CategoryIcon.tsx","statementMap":{"0":{"start":{"line":11,"column":56},"end":{"line":18,"column":null}},"1":{"start":{"line":20,"column":53},"end":{"line":28,"column":null}},"2":{"start":{"line":30,"column":56},"end":{"line":55,"column":null}},"3":{"start":{"line":57,"column":53},"end":{"line":64,"column":null}},"4":{"start":{"line":66,"column":55},"end":{"line":72,"column":null}},"5":{"start":{"line":74,"column":45},"end":{"line":101,"column":null}},"6":{"start":{"line":111,"column":36},"end":{"line":111,"column":null}},"7":{"start":{"line":112,"column":2},"end":{"line":112,"column":null}},"8":{"start":{"line":123,"column":19},"end":{"line":123,"column":null}},"9":{"start":{"line":124,"column":36},"end":{"line":124,"column":null}},"10":{"start":{"line":125,"column":2},"end":{"line":125,"column":null}}},"fnMap":{"0":{"name":"CategoryIcon","decl":{"start":{"line":110,"column":16},"end":{"line":110,"column":29}},"loc":{"start":{"line":110,"column":105},"end":{"line":113,"column":null}},"line":110},"1":{"name":"LevelIcon","decl":{"start":{"line":122,"column":16},"end":{"line":122,"column":26}},"loc":{"start":{"line":122,"column":99},"end":{"line":126,"column":null}},"line":122}},"branchMap":{"0":{"loc":{"start":{"line":110,"column":37},"end":{"line":110,"column":48}},"type":"default-arg","locations":[{"start":{"line":110,"column":44},"end":{"line":110,"column":48}}],"line":110},"1":{"loc":{"start":{"line":110,"column":48},"end":{"line":110,"column":64}},"type":"default-arg","locations":[{"start":{"line":110,"column":60},"end":{"line":110,"column":64}}],"line":110},"2":{"loc":{"start":{"line":110,"column":64},"end":{"line":110,"column":105}},"type":"default-arg","locations":[{"start":{"line":110,"column":78},"end":{"line":110,"column":105}}],"line":110},"3":{"loc":{"start":{"line":111,"column":36},"end":{"line":111,"column":null}},"type":"binary-expr","locations":[{"start":{"line":111,"column":36},"end":{"line":111,"column":54}},{"start":{"line":111,"column":54},"end":{"line":111,"column":null}}],"line":111},"4":{"loc":{"start":{"line":122,"column":34},"end":{"line":122,"column":45}},"type":"default-arg","locations":[{"start":{"line":122,"column":41},"end":{"line":122,"column":45}}],"line":122},"5":{"loc":{"start":{"line":122,"column":45},"end":{"line":122,"column":61}},"type":"default-arg","locations":[{"start":{"line":122,"column":57},"end":{"line":122,"column":61}}],"line":122},"6":{"loc":{"start":{"line":122,"column":61},"end":{"line":122,"column":99}},"type":"default-arg","locations":[{"start":{"line":122,"column":75},"end":{"line":122,"column":99}}],"line":122},"7":{"loc":{"start":{"line":123,"column":19},"end":{"line":123,"column":null}},"type":"binary-expr","locations":[{"start":{"line":123,"column":19},"end":{"line":123,"column":40}},{"start":{"line":123,"column":40},"end":{"line":123,"column":null}}],"line":123},"8":{"loc":{"start":{"line":124,"column":36},"end":{"line":124,"column":null}},"type":"binary-expr","locations":[{"start":{"line":124,"column":36},"end":{"line":124,"column":58}},{"start":{"line":124,"column":58},"end":{"line":124,"column":null}}],"line":124}},"s":{"0":1,"1":1,"2":1,"3":1,"4":1,"5":1,"6":6,"7":6,"8":0,"9":0,"10":0},"f":{"0":6,"1":0},"b":{"0":[6],"1":[6],"2":[6],"3":[6,1],"4":[0],"5":[0],"6":[0],"7":[0,0],"8":[0,0]},"meta":{"lastBranch":9,"lastFunction":2,"lastStatement":11,"seen":{"s:11:56:18:Infinity":0,"s:20:53:28:Infinity":1,"s:30:56:55:Infinity":2,"s:57:53:64:Infinity":3,"s:66:55:72:Infinity":4,"s:74:45:101:Infinity":5,"f:110:16:110:29":0,"b:110:44:110:48":0,"b:110:60:110:64":1,"b:110:78:110:105":2,"s:111:36:111:Infinity":6,"b:111:36:111:54:111:54:111:Infinity":3,"s:112:2:112:Infinity":7,"f:122:16:122:26":1,"b:122:41:122:45":4,"b:122:57:122:61":5,"b:122:75:122:99":6,"s:123:19:123:Infinity":8,"b:123:19:123:40:123:40:123:Infinity":7,"s:124:36:124:Infinity":9,"b:124:36:124:58:124:58:124:Infinity":8,"s:125:2:125:Infinity":10},"fnNames":{}}}
,"C:\\Projects\\promptwars\\Carbon Footprint Awareness Platform\\Verdant-AI\\src\\components\\ui\\GlassCard.tsx": {"path":"C:\\Projects\\promptwars\\Carbon Footprint Awareness Platform\\Verdant-AI\\src\\components\\ui\\GlassCard.tsx","statementMap":{"0":{"start":{"line":14,"column":15},"end":{"line":14,"column":null}},"1":{"start":{"line":15,"column":21},"end":{"line":15,"column":null}},"2":{"start":{"line":17,"column":2},"end":{"line":30,"column":null}},"3":{"start":{"line":18,"column":4},"end":{"line":28,"column":null}},"4":{"start":{"line":32,"column":2},"end":{"line":39,"column":null}}},"fnMap":{"0":{"name":"GlassCard","decl":{"start":{"line":13,"column":16},"end":{"line":13,"column":26}},"loc":{"start":{"line":13,"column":119},"end":{"line":41,"column":null}},"line":13}},"branchMap":{"0":{"loc":{"start":{"line":13,"column":38},"end":{"line":13,"column":54}},"type":"default-arg","locations":[{"start":{"line":13,"column":50},"end":{"line":13,"column":54}}],"line":13},"1":{"loc":{"start":{"line":13,"column":70},"end":{"line":13,"column":85}},"type":"default-arg","locations":[{"start":{"line":13,"column":78},"end":{"line":13,"column":85}}],"line":13},"2":{"loc":{"start":{"line":13,"column":85},"end":{"line":13,"column":119}},"type":"default-arg","locations":[{"start":{"line":13,"column":94},"end":{"line":13,"column":119}}],"line":13},"3":{"loc":{"start":{"line":14,"column":15},"end":{"line":14,"column":null}},"type":"cond-expr","locations":[{"start":{"line":14,"column":24},"end":{"line":14,"column":46}},{"start":{"line":14,"column":46},"end":{"line":14,"column":null}}],"line":14},"4":{"loc":{"start":{"line":15,"column":21},"end":{"line":15,"column":null}},"type":"cond-expr","locations":[{"start":{"line":15,"column":29},"end":{"line":15,"column":48}},{"start":{"line":15,"column":48},"end":{"line":15,"column":null}}],"line":15},"5":{"loc":{"start":{"line":17,"column":2},"end":{"line":30,"column":null}},"type":"if","locations":[{"start":{"line":17,"column":2},"end":{"line":30,"column":null}},{"start":{},"end":{}}],"line":17}},"s":{"0":7,"1":7,"2":7,"3":0,"4":7},"f":{"0":7},"b":{"0":[7],"1":[7],"2":[7],"3":[1,6],"4":[0,7],"5":[0,7]},"meta":{"lastBranch":6,"lastFunction":1,"lastStatement":5,"seen":{"f:13:16:13:26":0,"b:13:50:13:54":0,"b:13:78:13:85":1,"b:13:94:13:119":2,"s:14:15:14:Infinity":0,"b:14:24:14:46:14:46:14:Infinity":3,"s:15:21:15:Infinity":1,"b:15:29:15:48:15:48:15:Infinity":4,"b:17:2:30:Infinity:undefined:undefined:undefined:undefined":5,"s:17:2:30:Infinity":2,"s:18:4:28:Infinity":3,"s:32:2:39:Infinity":4},"fnNames":{}}}
,"C:\\Projects\\promptwars\\Carbon Footprint Awareness Platform\\Verdant-AI\\src\\components\\ui\\ProgressBar.tsx": {"path":"C:\\Projects\\promptwars\\Carbon Footprint Awareness Platform\\Verdant-AI\\src\\components\\ui\\ProgressBar.tsx","statementMap":{"0":{"start":{"line":22,"column":14},"end":{"line":22,"column":null}},"1":{"start":{"line":24,"column":2},"end":{"line":43,"column":null}}},"fnMap":{"0":{"name":"ProgressBar","decl":{"start":{"line":13,"column":16},"end":{"line":13,"column":28}},"loc":{"start":{"line":21,"column":21},"end":{"line":45,"column":null}},"line":21}},"branchMap":{"0":{"loc":{"start":{"line":15,"column":2},"end":{"line":15,"column":null}},"type":"default-arg","locations":[{"start":{"line":15,"column":8},"end":{"line":15,"column":null}}],"line":15},"1":{"loc":{"start":{"line":16,"column":2},"end":{"line":16,"column":null}},"type":"default-arg","locations":[{"start":{"line":16,"column":10},"end":{"line":16,"column":null}}],"line":16},"2":{"loc":{"start":{"line":17,"column":2},"end":{"line":17,"column":null}},"type":"default-arg","locations":[{"start":{"line":17,"column":14},"end":{"line":17,"column":null}}],"line":17},"3":{"loc":{"start":{"line":18,"column":2},"end":{"line":18,"column":null}},"type":"default-arg","locations":[{"start":{"line":18,"column":11},"end":{"line":18,"column":null}}],"line":18},"4":{"loc":{"start":{"line":19,"column":2},"end":{"line":19,"column":null}},"type":"default-arg","locations":[{"start":{"line":19,"column":14},"end":{"line":19,"column":null}}],"line":19},"5":{"loc":{"start":{"line":20,"column":2},"end":{"line":20,"column":null}},"type":"default-arg","locations":[{"start":{"line":20,"column":13},"end":{"line":20,"column":null}}],"line":20},"6":{"loc":{"start":{"line":33,"column":19},"end":{"line":33,"column":null}},"type":"cond-expr","locations":[{"start":{"line":33,"column":30},"end":{"line":33,"column":45}},{"start":{"line":33,"column":45},"end":{"line":33,"column":null}}],"line":33},"7":{"loc":{"start":{"line":38,"column":7},"end":{"line":43,"column":null}},"type":"binary-expr","locations":[{"start":{"line":38,"column":7},"end":{"line":38,"column":null}},{"start":{"line":39,"column":8},"end":{"line":43,"column":null}}],"line":38}},"s":{"0":0,"1":0},"f":{"0":0},"b":{"0":[0],"1":[0],"2":[0],"3":[0],"4":[0],"5":[0],"6":[0,0],"7":[0,0]},"meta":{"lastBranch":8,"lastFunction":1,"lastStatement":2,"seen":{"f:13:16:13:28":0,"b:15:8:15:Infinity":0,"b:16:10:16:Infinity":1,"b:17:14:17:Infinity":2,"b:18:11:18:Infinity":3,"b:19:14:19:Infinity":4,"b:20:13:20:Infinity":5,"s:22:14:22:Infinity":0,"s:24:2:43:Infinity":1,"b:33:30:33:45:33:45:33:Infinity":6,"b:38:7:38:Infinity:39:8:43:Infinity":7},"fnNames":{}}}
,"C:\\Projects\\promptwars\\Carbon Footprint Awareness Platform\\Verdant-AI\\src\\components\\ui\\SkeletonCard.tsx": {"path":"C:\\Projects\\promptwars\\Carbon Footprint Awareness Platform\\Verdant-AI\\src\\components\\ui\\SkeletonCard.tsx","statementMap":{"0":{"start":{"line":7,"column":2},"end":{"line":13,"column":null}},"1":{"start":{"line":11,"column":8},"end":{"line":11,"column":null}},"2":{"start":{"line":18,"column":2},"end":{"line":18,"column":null}}},"fnMap":{"0":{"name":"SkeletonCard","decl":{"start":{"line":6,"column":16},"end":{"line":6,"column":29}},"loc":{"start":{"line":6,"column":79},"end":{"line":15,"column":null}},"line":6},"1":{"name":"(anonymous_1)","decl":{"start":{"line":10,"column":41},"end":{"line":10,"column":46}},"loc":{"start":{"line":11,"column":8},"end":{"line":11,"column":null}},"line":11},"2":{"name":"SkeletonText","decl":{"start":{"line":17,"column":16},"end":{"line":17,"column":29}},"loc":{"start":{"line":17,"column":107},"end":{"line":19,"column":null}},"line":17}},"branchMap":{"0":{"loc":{"start":{"line":6,"column":31},"end":{"line":6,"column":47}},"type":"default-arg","locations":[{"start":{"line":6,"column":43},"end":{"line":6,"column":47}}],"line":6},"1":{"loc":{"start":{"line":6,"column":47},"end":{"line":6,"column":79}},"type":"default-arg","locations":[{"start":{"line":6,"column":55},"end":{"line":6,"column":79}}],"line":6},"2":{"loc":{"start":{"line":11,"column":53},"end":{"line":11,"column":94}},"type":"cond-expr","locations":[{"start":{"line":11,"column":71},"end":{"line":11,"column":81}},{"start":{"line":11,"column":81},"end":{"line":11,"column":94}}],"line":11},"3":{"loc":{"start":{"line":17,"column":31},"end":{"line":17,"column":47}},"type":"default-arg","locations":[{"start":{"line":17,"column":43},"end":{"line":17,"column":47}}],"line":17},"4":{"loc":{"start":{"line":17,"column":47},"end":{"line":17,"column":107}},"type":"default-arg","locations":[{"start":{"line":17,"column":55},"end":{"line":17,"column":107}}],"line":17}},"s":{"0":0,"1":0,"2":0},"f":{"0":0,"1":0,"2":0},"b":{"0":[0],"1":[0],"2":[0,0],"3":[0],"4":[0]},"meta":{"lastBranch":5,"lastFunction":3,"lastStatement":3,"seen":{"f:6:16:6:29":0,"b:6:43:6:47":0,"b:6:55:6:79":1,"s:7:2:13:Infinity":0,"f:10:41:10:46":1,"s:11:8:11:Infinity":1,"b:11:71:11:81:11:81:11:94":2,"f:17:16:17:29":2,"b:17:43:17:47":3,"b:17:55:17:107":4,"s:18:2:18:Infinity":2},"fnNames":{}}}
,"C:\\Projects\\promptwars\\Carbon Footprint Awareness Platform\\Verdant-AI\\src\\lib\\carbon.ts": {"path":"C:\\Projects\\promptwars\\Carbon Footprint Awareness Platform\\Verdant-AI\\src\\lib\\carbon.ts","statementMap":{"0":{"start":{"line":4,"column":33},"end":{"line":53,"column":null}},"1":{"start":{"line":55,"column":32},"end":{"line":75,"column":null}},"2":{"start":{"line":88,"column":54},"end":{"line":117,"column":null}},"3":{"start":{"line":119,"column":31},"end":{"line":126,"column":null}},"4":{"start":{"line":128,"column":31},"end":{"line":135,"column":null}},"5":{"start":{"line":141,"column":2},"end":{"line":141,"column":null}},"6":{"start":{"line":146,"column":2},"end":{"line":146,"column":null}},"7":{"start":{"line":151,"column":2},"end":{"line":151,"column":null}},"8":{"start":{"line":151,"column":49},"end":{"line":151,"column":null}},"9":{"start":{"line":152,"column":2},"end":{"line":152,"column":null}},"10":{"start":{"line":152,"column":23},"end":{"line":152,"column":null}},"11":{"start":{"line":153,"column":2},"end":{"line":153,"column":null}},"12":{"start":{"line":157,"column":15},"end":{"line":157,"column":null}},"13":{"start":{"line":158,"column":2},"end":{"line":158,"column":null}},"14":{"start":{"line":158,"column":24},"end":{"line":158,"column":null}},"15":{"start":{"line":159,"column":2},"end":{"line":159,"column":null}},"16":{"start":{"line":159,"column":24},"end":{"line":159,"column":null}},"17":{"start":{"line":160,"column":2},"end":{"line":160,"column":null}}},"fnMap":{"0":{"name":"calcTransportCO2","decl":{"start":{"line":140,"column":16},"end":{"line":140,"column":33}},"loc":{"start":{"line":140,"column":101},"end":{"line":142,"column":null}},"line":140},"1":{"name":"calcElectricityCO2","decl":{"start":{"line":145,"column":16},"end":{"line":145,"column":35}},"loc":{"start":{"line":145,"column":56},"end":{"line":147,"column":null}},"line":145},"2":{"name":"getOrbZone","decl":{"start":{"line":150,"column":16},"end":{"line":150,"column":27}},"loc":{"start":{"line":150,"column":73},"end":{"line":154,"column":null}},"line":150},"3":{"name":"getOrbMessage","decl":{"start":{"line":156,"column":16},"end":{"line":156,"column":30}},"loc":{"start":{"line":156,"column":57},"end":{"line":161,"column":null}},"line":156}},"branchMap":{"0":{"loc":{"start":{"line":141,"column":10},"end":{"line":141,"column":52}},"type":"binary-expr","locations":[{"start":{"line":141,"column":10},"end":{"line":141,"column":47}},{"start":{"line":141,"column":47},"end":{"line":141,"column":52}}],"line":141},"1":{"loc":{"start":{"line":151,"column":2},"end":{"line":151,"column":null}},"type":"if","locations":[{"start":{"line":151,"column":2},"end":{"line":151,"column":null}},{"start":{},"end":{}}],"line":151},"2":{"loc":{"start":{"line":152,"column":2},"end":{"line":152,"column":null}},"type":"if","locations":[{"start":{"line":152,"column":2},"end":{"line":152,"column":null}},{"start":{},"end":{}}],"line":152},"3":{"loc":{"start":{"line":158,"column":2},"end":{"line":158,"column":null}},"type":"if","locations":[{"start":{"line":158,"column":2},"end":{"line":158,"column":null}},{"start":{},"end":{}}],"line":158},"4":{"loc":{"start":{"line":159,"column":2},"end":{"line":159,"column":null}},"type":"if","locations":[{"start":{"line":159,"column":2},"end":{"line":159,"column":null}},{"start":{},"end":{}}],"line":159}},"s":{"0":2,"1":2,"2":2,"3":2,"4":2,"5":7,"6":3,"7":11,"8":4,"9":7,"10":4,"11":3,"12":3,"13":3,"14":1,"15":2,"16":2,"17":1},"f":{"0":7,"1":3,"2":11,"3":3},"b":{"0":[7,0],"1":[4,7],"2":[4,3],"3":[1,2],"4":[1,1]},"meta":{"lastBranch":5,"lastFunction":4,"lastStatement":18,"seen":{"s:4:33:53:Infinity":0,"s:55:32:75:Infinity":1,"s:88:54:117:Infinity":2,"s:119:31:126:Infinity":3,"s:128:31:135:Infinity":4,"f:140:16:140:33":0,"s:141:2:141:Infinity":5,"b:141:10:141:47:141:47:141:52":0,"f:145:16:145:35":1,"s:146:2:146:Infinity":6,"f:150:16:150:27":2,"b:151:2:151:Infinity:undefined:undefined:undefined:undefined":1,"s:151:2:151:Infinity":7,"s:151:49:151:Infinity":8,"b:152:2:152:Infinity:undefined:undefined:undefined:undefined":2,"s:152:2:152:Infinity":9,"s:152:23:152:Infinity":10,"s:153:2:153:Infinity":11,"f:156:16:156:30":3,"s:157:15:157:Infinity":12,"b:158:2:158:Infinity:undefined:undefined:undefined:undefined":3,"s:158:2:158:Infinity":13,"s:158:24:158:Infinity":14,"b:159:2:159:Infinity:undefined:undefined:undefined:undefined":4,"s:159:2:159:Infinity":15,"s:159:24:159:Infinity":16,"s:160:2:160:Infinity":17},"fnNames":{}}}
,"C:\\Projects\\promptwars\\Carbon Footprint Awareness Platform\\Verdant-AI\\src\\lib\\formatters.ts": {"path":"C:\\Projects\\promptwars\\Carbon Footprint Awareness Platform\\Verdant-AI\\src\\lib\\formatters.ts","statementMap":{"0":{"start":{"line":3,"column":21},"end":{"line":7,"column":null}},"1":{"start":{"line":9,"column":28},"end":{"line":14,"column":null}},"2":{"start":{"line":16,"column":21},"end":{"line":16,"column":null}},"3":{"start":{"line":18,"column":28},"end":{"line":21,"column":null}},"4":{"start":{"line":23,"column":22},"end":{"line":27,"column":null}},"5":{"start":{"line":29,"column":27},"end":{"line":32,"column":null}},"6":{"start":{"line":34,"column":26},"end":{"line":38,"column":null}},"7":{"start":{"line":40,"column":27},"end":{"line":43,"column":null}},"8":{"start":{"line":46,"column":13},"end":{"line":46,"column":null}},"9":{"start":{"line":46,"column":53},"end":{"line":46,"column":null}},"10":{"start":{"line":49,"column":13},"end":{"line":49,"column":null}},"11":{"start":{"line":49,"column":60},"end":{"line":49,"column":null}},"12":{"start":{"line":52,"column":13},"end":{"line":52,"column":null}},"13":{"start":{"line":52,"column":48},"end":{"line":52,"column":null}},"14":{"start":{"line":55,"column":13},"end":{"line":55,"column":null}},"15":{"start":{"line":55,"column":55},"end":{"line":55,"column":null}},"16":{"start":{"line":58,"column":13},"end":{"line":58,"column":null}},"17":{"start":{"line":58,"column":51},"end":{"line":58,"column":null}},"18":{"start":{"line":61,"column":13},"end":{"line":61,"column":null}},"19":{"start":{"line":61,"column":56},"end":{"line":61,"column":null}},"20":{"start":{"line":64,"column":13},"end":{"line":64,"column":null}},"21":{"start":{"line":64,"column":55},"end":{"line":64,"column":null}},"22":{"start":{"line":67,"column":13},"end":{"line":67,"column":null}},"23":{"start":{"line":67,"column":56},"end":{"line":67,"column":null}},"24":{"start":{"line":70,"column":13},"end":{"line":75,"column":null}},"25":{"start":{"line":71,"column":2},"end":{"line":73,"column":null}},"26":{"start":{"line":72,"column":4},"end":{"line":72,"column":null}},"27":{"start":{"line":74,"column":2},"end":{"line":74,"column":null}},"28":{"start":{"line":78,"column":13},"end":{"line":83,"column":null}},"29":{"start":{"line":79,"column":2},"end":{"line":81,"column":null}},"30":{"start":{"line":80,"column":4},"end":{"line":80,"column":null}},"31":{"start":{"line":82,"column":2},"end":{"line":82,"column":null}},"32":{"start":{"line":86,"column":13},"end":{"line":86,"column":null}},"33":{
[...]
ull}},"36":{"start":{"line":252,"column":23},"end":{"line":252,"column":null}},"37":{"start":{"line":253,"column":23},"end":{"line":253,"column":null}},"38":{"start":{"line":254,"column":10},"end":{"line":263,"column":null}},"39":{"start":{"line":255,"column":30},"end":{"line":255,"column":null}},"40":{"start":{"line":256,"column":12},"end":{"line":256,"column":null}},"41":{"start":{"line":257,"column":25},"end":{"line":257,"column":null}},"42":{"start":{"line":258,"column":12},"end":{"line":262,"column":null}},"43":{"start":{"line":259,"column":14},"end":{"line":259,"column":null}},"44":{"start":{"line":260,"column":19},"end":{"line":262,"column":null}},"45":{"start":{"line":261,"column":14},"end":{"line":261,"column":null}},"46":{"start":{"line":264,"column":10},"end":{"line":267,"column":null}},"47":{"start":{"line":269,"column":8},"end":{"line":269,"column":null}},"48":{"start":{"line":272,"column":28},"end":{"line":274,"column":null}},"49":{"start":{"line":272,"column":38},"end":{"line":274,"column":8}},"50":{"start":{"line":273,"column":32},"end":{"line":273,"column":70}},"51":{"start":{"line":276,"column":25},"end":{"line":278,"column":null}},"52":{"start":{"line":276,"column":35},"end":{"line":278,"column":8}},"53":{"start":{"line":277,"column":35},"end":{"line":277,"column":48}},"54":{"start":{"line":280,"column":25},"end":{"line":282,"column":null}},"55":{"start":{"line":280,"column":35},"end":{"line":282,"column":8}},"56":{"start":{"line":284,"column":23},"end":{"line":284,"column":null}},"57":{"start":{"line":286,"column":45},"end":{"line":288,"column":null}},"58":{"start":{"line":286,"column":55},"end":{"line":288,"column":8}},"59":{"start":{"line":287,"column":34},"end":{"line":287,"column":95}},"60":{"start":{"line":291,"column":22},"end":{"line":291,"column":null}},"61":{"start":{"line":291,"column":45},"end":{"line":291,"column":56}},"62":{"start":{"line":292,"column":8},"end":{"line":292,"column":null}},"63":{"start":{"line":292,"column":39},"end":{"line":292,"column":null}},"64":{"start":{"line":293,"column":8},"end":{"line":295,"column":null}},"65":{"start":{"line":293,"column":18},"end":{"line":295,"column":10}},"66":{"start":{"line":294,"column":36},"end":{"line":294,"column":94}},"67":{"start":{"line":296,"column":8},"end":{"line":296,"column":null}},"68":{"start":{"line":299,"column":25},"end":{"line":303,"column":null}},"69":{"start":{"line":300,"column":22},"end":{"line":300,"column":null}},"70":{"start":{"line":301,"column":26},"end":{"line":301,"column":null}},"71":{"start":{"line":302,"column":8},"end":{"line":302,"column":null}},"72":{"start":{"line":305,"column":27},"end":{"line":308,"column":null}},"73":{"start":{"line":306,"column":8},"end":{"line":306,"column":null}},"74":{"start":{"line":306,"column":31},"end":{"line":306,"column":48}},"75":{"start":{"line":306,"column":51},"end":{"line":306,"column":null}},"76":{"start":{"line":307,"column":8},"end":{"line":307,"column":null}},"77":{"start":{"line":310,"column":25},"end":{"line":312,"column":null}},"78":{"start":{"line":310,"column":35},"end":{"line":312,"column":8}},"79":{"start":{"line":311,"column":58},"end":{"line":311,"column":84}},"80":{"start":{"line":314,"column":51},"end":{"line":316,"column":null}},"81":{"start":{"line":318,"column":41},"end":{"line":318,"column":null}},"82":{"start":{"line":320,"column":31},"end":{"line":320,"column":null}},"83":{"start":{"line":324,"column":26},"end":{"line":333,"column":null}}},"fnMap":{"0":{"name":"getNextSunday","decl":{"start":{"line":177,"column":9},"end":{"line":177,"column":33}},"loc":{"start":{"line":177,"column":33},"end":{"line":183,"column":null}},"line":177},"1":{"name":"getLevelInfo","decl":{"start":{"line":187,"column":16},"end":{"line":187,"column":29}},"loc":{"start":{"line":187,"column":112},"end":{"line":205,"column":null}},"line":187},"2":{"name":"getMonthlyLogs","decl":{"start":{"line":207,"column":16},"end":{"line":207,"column":31}},"loc":{"start":{"line":207,"column":86},"end":{"line":210,"column":null}},"line":207},"3":{"name":"(anonymous_3)","decl":{"start":{"line":209,"column":14},"end":{"line":209,"column":21}},"loc":{"start":{"line":209,"column":26},"end":{"line":209,"column":47}},"line":209},"4":{"name":"getMonthlyTotal","decl":{"start":{"line":212,"column":16},"end":{"line":212,"column":32}},"loc":{"start":{"line":212,"column":80},"end":{"line":214,"column":null}},"line":212},"5":{"name":"(anonymous_5)","decl":{"start":{"line":213,"column":40},"end":{"line":213,"column":48}},"loc":{"start":{"line":213,"column":59},"end":{"line":213,"column":74}},"line":213},"6":{"name":"getCategoryTotals","decl":{"start":{"line":216,"column":16},"end":{"line":216,"column":34}},"loc":{"start":{"line":216,"column":79},"end":{"line":221,"column":null}},"line":216},"7":{"name":"(anonymous_7)","decl":{"start":{"line":217,"column":14},"end":{"line":217,"column":22}},"loc":{"start":{"line":217,"column":33},"end":{"line":220,"column":5}},"line":217},"8":{"name":"(anonymous_8)","decl":{"start":{"line":224,"column":2},"end":{"line":224,"column":null}},"loc":{"start":{"line":225,"column":19},"end":{"line":321,"column":null}},"line":225},"9":{"name":"(anonymous_9)","decl":{"start":{"line":235,"column":6},"end":{"line":235,"column":16}},"loc":{"start":{"line":235,"column":22},"end":{"line":235,"column":null}},"line":235},"10":{"name":"(anonymous_10)","decl":{"start":{"line":235,"column":22},"end":{"line":235,"column":26}},"loc":{"start":{"line":235,"column":32},"end":{"line":235,"column":62}},"line":235},"11":{"name":"(anonymous_11)","decl":{"start":{"line":237,"column":6},"end":{"line":237,"column":27}},"loc":{"start":{"line":237,"column":39},"end":{"line":244,"column":null}},"line":237},"12":{"name":"(anonymous_12)","decl":{"start":{"line":237,"column":39},"end":{"line":237,"column":43}},"loc":{"start":{"line":237,"column":49},"end":{"line":244,"column":8}},"line":237},"13":{"name":"(anonymous_13)","decl":{"start":{"line":246,"column":6},"end":{"line":246,"column":15}},"loc":{"start":{"line":246,"column":21},"end":{"line":270,"column":null}},"line":246},"14":{"name":"(anonymous_14)","decl":{"start":{"line":248,"column":8},"end":{"line":248,"column":12}},"loc":{"start":{"line":248,"column":17},"end":{"line":268,"column":9}},"line":248},"15":{"name":"(anonymous_15)","decl":{"start":{"line":272,"column":6},"end":{"line":272,"column":18}},"loc":{"start":{"line":272,"column":28},"end":{"line":274,"column":null}},"line":272},"16":{"name":"(anonymous_16)","decl":{"start":{"line":272,"column":28},"end":{"line":272,"column":32}},"loc":{"start":{"line":272,"column":38},"end":{"line":274,"column":8}},"line":272},"17":{"name":"(anonymous_17)","decl":{"start":{"line":273,"column":21},"end":{"line":273,"column":25}},"loc":{"start":{"line":273,"column":32},"end":{"line":273,"column":70}},"line":273},"18":{"name":"(anonymous_18)","decl":{"start":{"line":276,"column":6},"end":{"line":276,"column":18}},"loc":{"start":{"line":276,"column":25},"end":{"line":278,"column":null}},"line":276},"19":{"name":"(anonymous_19)","decl":{"start":{"line":276,"column":25},"end":{"line":276,"column":29}},"loc":{"start":{"line":276,"column":35},"end":{"line":278,"column":8}},"line":276},"20":{"name":"(anonymous_20)","decl":{"start":{"line":277,"column":21},"end":{"line":277,"column":28}},"loc":{"start":{"line":277,"column":35},"end":{"line":277,"column":48}},"line":277},"21":{"name":"(anonymous_21)","decl":{"start":{"line":280,"column":6},"end":{"line":280,"column":19}},"loc":{"start":{"line":280,"column":25},"end":{"line":282,"column":null}},"line":280},"22":{"name":"(anonymous_22)","decl":{"start":{"line":280,"column":25},"end":{"line":280,"column":29}},"loc":{"start":{"line":280,"column":35},"end":{"line":282,"column":8}},"line":280},"23":{"name":"(anonymous_23)","decl":{"start":{"line":284,"column":6},"end":{"line":284,"column":23}},"loc":{"start":{"line":284,"column":23},"end":{"line":284,"column":null}},"line":284},"24":{"name":"(anonymous_24)","decl":{"start":{"line":286,"column":6},"end":{"line":286,"column":28}},"loc":{"start":{"line":286,"column":45},"end":{"line":288,"column":null}},"line":286},"25":{"name":"(anonymous_25)","decl":{"start":{"line":286,"column":45},"end":{"line":286,"column":49}},"loc":{"start":{"line":286,"column":55},"end":{"line":288,"column":8}},"line":286},"26":{"name":"(anonymous_26)","decl":{"start":{"line":287,"column":25},"end":{"line":287,"column":29}},"loc":{"start":{"line":287,"column":34},"end":{"line":287,"column":95}},"line":287},"27":{"name":"(anonymous_27)","decl":{"start":{"line":290,"column":6},"end":{"line":290,"column":22}},"loc":{"start":{"line":290,"column":29},"end":{"line":297,"column":null}},"line":290},"28":{"name":"(anonymous_28)","decl":{"start":{"line":291,"column":35},"end":{"line":291,"column":40}},"loc":{"start":{"line":291,"column":45},"end":{"line":291,"column":56}},"line":291},"29":{"name":"(anonymous_29)","decl":{"start":{"line":293,"column":8},"end":{"line":293,"column":12}},"loc":{"start":{"line":293,"column":18},"end":{"line":295,"column":10}},"line":293},"30":{"name":"(anonymous_30)","decl":{"start":{"line":294,"column":27},"end":{"line":294,"column":31}},"loc":{"start":{"line":294,"column":36},"end":{"line":294,"column":94}},"line":294},"31":{"name":"(anonymous_31)","decl":{"start":{"line":299,"column":6},"end":{"line":299,"column":14}},"loc":{"start":{"line":299,"column":25},"end":{"line":303,"column":null}},"line":299},"32":{"name":"(anonymous_32)","decl":{"start":{"line":299,"column":25},"end":{"line":299,"column":29}},"loc":{"start":{"line":299,"column":34},"end":{"line":303,"column":7}},"line":299},"33":{"name":"(anonymous_33)","decl":{"start":{"line":305,"column":6},"end":{"line":305,"column":17}},"loc":{"start":{"line":305,"column":27},"end":{"line":308,"column":null}},"line":305},"34":{"name":"(anonymous_34)","decl":{"start":{"line":305,"column":27},"end":{"line":305,"column":31}},"loc":{"start":{"line":305,"column":36},"end":{"line":308,"column":7}},"line":305},"35":{"name":"(anonymous_35)","decl":{"start":{"line":306,"column":21},"end":{"line":306,"column":26}},"loc":{"start":{"line":306,"column":31},"end":{"line":306,"column":48}},"line":306},"36":{"name":"(anonymous_36)","decl":{"start":{"line":310,"column":6},"end":{"line":310,"column":19}},"loc":{"start":{"line":310,"column":25},"end":{"line":312,"column":null}},"line":310},"37":{"name":"(anonymous_37)","decl":{"start":{"line":310,"column":25},"end":{"line":310,"column":29}},"loc":{"start":{"line":310,"column":35},"end":{"line":312,"column":8}},"line":310},"38":{"name":"(anonymous_38)","decl":{"start":{"line":311,"column":45},"end":{"line":311,"column":52}},"loc":{"start":{"line":311,"column":58},"end":{"line":311,"column":84}},"line":311},"39":{"name":"(anonymous_39)","decl":{"start":{"line":314,"column":6},"end":{"line":314,"column":28}},"loc":{"start":{"line":314,"column":51},"end":{"line":316,"column":null}},"line":314},"40":{"name":"(anonymous_40)","decl":{"start":{"line":318,"column":6},"end":{"line":318,"column":34}},"loc":{"start":{"line":318,"column":41},"end":{"line":318,"column":null}},"line":318},"41":{"name":"(anonymous_41)","decl":{"start":{"line":320,"column":6},"end":{"line":320,"column":31}},"loc":{"start":{"line":320,"column":31},"end":{"line":320,"column":null}},"line":320},"42":{"name":"(anonymous_42)","decl":{"start":{"line":324,"column":6},"end":{"line":324,"column":19}},"loc":{"start":{"line":324,"column":26},"end":{"line":333,"column":null}},"line":324}},"branchMap":{"0":{"loc":{"start":{"line":180,"column":26},"end":{"line":180,"column":null}},"type":"cond-expr","locations":[{"start":{"line":180,"column":38},"end":{"line":180,"column":42}},{"start":{"line":180,"column":42},"end":{"line":180,"column":null}}],"line":180},"1":{"loc":{"start":{"line":199,"column":4},"end":{"line":199,"column":null}},"type":"if","locations":[{"start":{"line":199,"column":4},"end":{"line":199,"column":null}},{"start":{},"end":{}}],"line":199},"2":{"loc":{"start":{"line":203,"column":24},"end":{"line":203,"column":null}},"type":"binary-expr","locations":[{"start":{"line":203,"column":24},"end":{"line":203,"column":90}},{"start":{"line":203,"column":90},"end":{"line":203,"column":null}}],"line":203},"3":{"loc":{"start":{"line":208,"column":13},"end":{"line":208,"column":null}},"type":"binary-expr","locations":[{"start":{"line":208,"column":13},"end":{"line":208,"column":25}},{"start":{"line":208,"column":13},"end":{"line":208,"column":null}}],"line":208},"4":{"loc":{"start":{"line":218,"column":23},"end":{"line":218,"column":47}},"type":"binary-expr","locations":[{"start":{"line":218,"column":23},"end":{"line":218,"column":42}},{"start":{"line":218,"column":42},"end":{"line":218,"column":47}}],"line":218},"5":{"loc":{"start":{"line":242,"column":14},"end":{"line":242,"column":null}},"type":"binary-expr","locations":[{"start":{"line":242,"column":14},"end":{"line":242,"column":27}},{"start":{"line":242,"column":27},"end":{"line":242,"column":null}}],"line":242},"6":{"loc":{"start":{"line":254,"column":10},"end":{"line":263,"column":null}},"type":"if","locations":[{"start":{"line":254,"column":10},"end":{"line":263,"column":null}},{"start":{},"end":{}}],"line":254},"7":{"loc":{"start":{"line":258,"column":12},"end":{"line":262,"column":null}},"type":"if","locations":[{"start":{"line":258,"column":12},"end":{"line":262,"column":null}},{"start":{"line":260,"column":19},"end":{"line":262,"column":null}}],"line":258},"8":{"loc":{"start":{"line":260,"column":19},"end":{"line":262,"column":null}},"type":"if","locations":[{"start":{"line":260,"column":19},"end":{"line":262,"column":null}},{"start":{},"end":{}}],"line":260},"9":{"loc":{"start":{"line":273,"column":32},"end":{"line":273,"column":70}},"type":"cond-expr","locations":[{"start":{"line":273,"column":48},"end":{"line":273,"column":67}},{"start":{"line":273,"column":67},"end":{"line":273,"column":70}}],"line":273},"10":{"loc":{"start":{"line":287,"column":34},"end":{"line":287,"column":95}},"type":"cond-expr","locations":[{"start":{"line":287,"column":48},"end":{"line":287,"column":94}},{"start":{"line":287,"column":94},"end":{"line":287,"column":95}}],"line":287},"11":{"loc":{"start":{"line":292,"column":8},"end":{"line":292,"column":null}},"type":"if","locations":[{"start":{"line":292,"column":8},"end":{"line":292,"column":null}},{"start":{},"end":{}}],"line":292},"12":{"loc":{"start":{"line":292,"column":12},"end":{"line":292,"column":39}},"type":"binary-expr","locations":[{"start":{"line":292,"column":12},"end":{"line":292,"column":22}},{"start":{"line":292,"column":22},"end":{"line":292,"column":39}}],"line":292},"13":{"loc":{"start":{"line":294,"column":36},"end":{"line":294,"column":94}},"type":"cond-expr","locations":[{"start":{"line":294,"column":50},"end":{"line":294,"column":93}},{"start":{"line":294,"column":93},"end":{"line":294,"column":94}}],"line":294},"14":{"loc":{"start":{"line":306,"column":8},"end":{"line":306,"column":null}},"type":"if","locations":[{"start":{"line":306,"column":8},"end":{"line":306,"column":null}},{"start":{},"end":{}}],"line":306}},"s":{"0":1,"1":1,"2":5,"3":5,"4":5,"5":5,"6":5,"7":1,"8":13,"9":13,"10":13,"11":13,"12":91,"13":49,"14":13,"15":13,"16":13,"17":13,"18":7,"19":7,"20":18,"21":3,"22":2,"23":4,"24":11,"25":11,"26":1,"27":1,"28":0,"29":0,"30":0,"31":0,"32":0,"33":0,"34":0,"35":0,"36":0,"37":0,"38":0,"39":0,"40":0,"41":0,"42":0,"43":0,"44":0,"45":0,"46":0,"47":0,"48":0,"49":0,"50":0,"51":0,"52":0,"53":0,"54":0,"55":0,"56":0,"57":0,"58":0,"59":0,"60":0,"61":0,"62":0,"63":0,"64":0,"65":0,"66":0,"67":0,"68":0,"69":0,"70":0,"71":0,"72":0,"73":0,"74":0,"75":0,"76":0,"77":0,"78":0,"79":0,"80":0,"81":0,"82":0,"83":0},"f":{"0":5,"1":13,"2":7,"3":18,"4":3,"5":2,"6":4,"7":11,"8":1,"9":0,"10":0,"11":0,"12":0,"13":0,"14":0,"15":0,"16":0,"17":0,"18":0,"19":0,"20":0,"21":0,"22":0,"23":0,"24":0,"25":0,"26":0,"27":0,"28":0,"29":0,"30":0,"31":0,"32":0,"33":0,"34":0,"35":0,"36":0,"37":0,"38":0,"39":0,"40":0,"41":0,"42":0},"b":{"0":[0,5],"1":[49,42],"2":[13,0],"3":[7,0],"4":[11,7],"5":[0,0],"6":[0,0],"7":[0,0],"8":[0,0],"9":[0,0],"10":[0,0],"11":[0,0],"12":[0,0],"13":[0,0],"14":[0,0]},"meta":{"lastBranch":15,"lastFunction":43,"lastStatement":84,"seen":{"s:99:34:112:Infinity":0,"s:114:32:175:Infinity":1,"f:177:9:177:33":0,"s:178:12:178:Infinity":2,"s:179:14:179:Infinity":3,"s:180:26:180:Infinity":4,"b:180:38:180:42:180:42:180:Infinity":0,"s:181:2:181:Infinity":5,"s:182:2:182:Infinity":6,"s:185:25:185:Infinity":7,"f:187:16:187:29":1,"s:188:17:196:Infinity":8,"s:197:14:197:Infinity":9,"s:198:2:200:Infinity":10,"s:198:15:198:18":11,"b:199:4:199:Infinity:undefined:undefined:undefined:undefined":1,"s:199:4:199:Infinity":12,"s:199:35:199:Infinity":13,"s:201:2:201:Infinity":14,"s:202:15:202:Infinity":15,"s:203:24:203:Infinity":16,"b:203:24:203:90:203:90:203:Infinity":2,"s:204:2:204:Infinity":17,"f:207:16:207:31":2,"s:208:13:208:Infinity":18,"b:208:13:208:25:208:13:208:Infinity":3,"s:209:2:209:Infinity":19,"f:209:14:209:21":3,"s:209:26:209:47":20,"f:212:16:212:32":4,"s:213:2:213:Infinity":21,"f:213:40:213:48":5,"s:213:59:213:74":22,"f:216:16:216:34":6,"s:217:2:220:Infinity":23,"f:217:14:217:22":7,"s:218:4:218:Infinity":24,"b:218:23:218:42:218:42:218:47":4,"s:219:4:219:Infinity":25,"s:223:13:336:Infinity":26,"f:224:2:224:Infinity":8,"s:225:19:321:Infinity":27,"f:235:6:235:16":9,"s:235:22:235:Infinity":28,"f:235:22:235:26":10,"s:235:32:235:62":29,"f:237:6:237:27":11,"s:237:39:244:Infinity":30,"f:237:39:237:43":12,"s:237:49:244:8":31,"b:242:14:242:27:242:27:242:Infinity":5,"f:246:6:246:15":13,"s:247:14:247:Infinity":32,"s:248:8:268:Infinity":33,"f:248:8:248:12":14,"s:249:38:249:Infinity":34,"s:250:26:250:Infinity":35,"s:252:23:252:Infinity":36,"s:253:23:253:Infinity":37,"b:254:10:263:Infinity:undefined:undefined:undefined:undefined":6,"s:254:10:263:Infinity":38,"s:255:30:255:Infinity":39,"s:256:12:256:Infinity":40,"s:257:25:257:Infinity":41,"b:258:12:262:Infinity:260:19:262:Infinity":7,"s:258:12:262:Infinity":42,"s:259:14:259:Infinity":43,"b:260:19:262:Infinity:undefined:undefined:undefined:undefined":8,"s:260:19:262:Infinity":44,"s:261:14:261:Infinity":45,"s:264:10:267:Infinity":46,"s:269:8:269:Infinity":47,"f:272:6:272:18":15,"s:272:28:274:Infinity":48,"f:272:28:272:32":16,"s:272:38:274:8":49,"f:273:21:273:25":17,"s:273:32:273:70":50,"b:273:48:273:67:273:67:273:70":9,"f:276:6:276:18":18,"s:276:25:278:Infinity":51,"f:276:25:276:29":19,"s:276:35:278:8":52,"f:277:21:277:28":20,"s:277:35:277:48":53,"f:280:6:280:19":21,"s:280:25:282:Infinity":54,"f:280:25:280:29":22,"s:280:35:282:8":55,"f:284:6:284:23":23,"s:284:23:284:Infinity":56,"f:286:6:286:28":24,"s:286:45:288:Infinity":57,"f:286:45:286:49":25,"s:286:55:288:8":58,"f:287:25:287:29":26,"s:287:34:287:95":59,"b:287:48:287:94:287:94:287:95":10,"f:290:6:290:22":27,"s:291:22:291:Infinity":60,"f:291:35:291:40":28,"s:291:45:291:56":61,"b:292:8:292:Infinity:undefined:undefined:undefined:undefined":11,"s:292:8:292:Infinity":62,"b:292:12:292:22:292:22:292:39":12,"s:292:39:292:Infinity":63,"s:293:8:295:Infinity":64,"f:293:8:293:12":29,"s:293:18:295:10":65,"f:294:27:294:31":30,"s:294:36:294:94":66,"b:294:50:294:93:294:93:294:94":13,"s:296:8:296:Infinity":67,"f:299:6:299:14":31,"s:299:25:303:Infinity":68,"f:299:25:299:29":32,"s:300:22:300:Infinity":69,"s:301:26:301:Infinity":70,"s:302:8:302:Infinity":71,"f:305:6:305:17":33,"s:305:27:308:Infinity":72,"f:305:27:305:31":34,"b:306:8:306:Infinity:undefined:undefined:undefined:undefined":14,"s:306:8:306:Infinity":73,"f:306:21:306:26":35,"s:306:31:306:48":74,"s:306:51:306:Infinity":75,"s:307:8:307:Infinity":76,"f:310:6:310:19":36,"s:310:25:312:Infinity":77,"f:310:25:310:29":37,"s:310:35:312:8":78,"f:311:45:311:52":38,"s:311:58:311:84":79,"f:314:6:314:28":39,"s:314:51:316:Infinity":80,"f:318:6:318:34":40,"s:318:41:318:Infinity":81,"f:320:6:320:31":41,"s:320:31:320:Infinity":82,"f:324:6:324:19":42,"s:324:26:333:Infinity":83},"fnNames":{}}}
}
